<?xml version="1.0" encoding="UTF-8"?>
<testsuite xmlns:xsi="http://www.w3.org/2001/XMLSchema-instance" xsi:noNamespaceSchemaLocation="https://maven.apache.org/surefire/maven-surefire-plugin/xsd/surefire-test-report-3.0.xsd" version="3.0" name="com.questapp.tests.BatchesPageTest" time="80.841" tests="3" errors="0" skipped="2" failures="1">
  <properties>
[...]
</properties>
  <testcase name="testAddBatch" classname="com.questapp.tests.BatchesPageTest" time="76.394">
    <failure message="Failed to complete login process. Expected condition failed: waiting for condition to not be valid: url to contain &quot;/login&quot;. Current url: &quot;https://questapp.dev/lms/login&quot; (tried for 40 second(s) with 500 milliseconds interval)&#10;Build info: version: &apos;4.15.0&apos;, revision: &apos;1d14b5521b&apos;&#10;System info: os.name: &apos;Windows 11&apos;, os.arch: &apos;amd64&apos;, os.version: &apos;10.0&apos;, java.version: &apos;24.0.1&apos;&#10;Driver info: org.openqa.selenium.chrome.ChromeDriver&#10;Capabilities {acceptInsecureCerts: false, browserName: chrome, browserVersion: 135.0.7049.115, chrome: {chromedriverVersion: 135.0.7049.114 (63fd8a7d9d0..., userDataDir: C:\Users\INDUKJ~1\AppData\L...}, fedcm:accounts: true, goog:chromeOptions: {debuggerAddress: localhost:56379}, networkConnectionEnabled: false, pageLoadStrategy: normal, platformName: windows, proxy: Proxy(), se:cdp: ws://localhost:56379/devtoo..., se:cdpVersion: 135.0.7049.115, setWindowRect: true, strictFileInteractability: false, timeouts: {implicit: 0, pageLoad: 300000, script: 30000}, unhandledPromptBehavior: dismiss and notify, webauthn:extension:credBlob: true, webauthn:extension:largeBlob: true, webauthn:extension:minPinLength: true, webauthn:extension:prf: true, webauthn:virtualAuthenticators: true}&#10;Session ID: 20d59c47c9d74443f83054c0ae0fc042" type="java.lang.RuntimeException"><![CDATA[java.lang.RuntimeException: 
Failed to complete login process. Expected condition failed: waiting for condition to not be valid: url to contain "/login". Current url: "https://questapp.dev/lms/login" (tried for 40 second(s) with 500 milliseconds interval)
Build info: version: '4.15.0', revision: '1d14b5521b'
System info: os.name: 'Windows 11', os.arch: 'amd64', os.version: '10.0', java.version: '24.0.1'
Driver info: org.openqa.selenium.chrome.ChromeDriver
Capabilities {acceptInsecureCerts: false, browserName: chrome, browserVersion: 135.0.7049.115, chrome: {chromedriverVersion: 135.0.7049.114 (63fd8a7d9d0..., userDataDir: C:\Users\INDUKJ~1\AppData\L...}, fedcm:accounts: true, goog:chromeOptions: {debuggerAddress: localhost:56379}, networkConnectionEnabled: false, pageLoadStrategy: normal, platformName: windows, proxy: Proxy(), se:cdp: ws://localhost:56379/devtoo..., se:cdpVersion: 135.0.7049.115, setWindowRect: true, strictFileInteractability: false, timeouts: {implicit: 0, pageLoad: 300000, script: 30000}, unhandledPromptBehavior: dismiss and notify, webauthn:extension:credBlob: true, webauthn:extension:largeBlob: true, webauthn:extension:minPinLength: true, webauthn:extension:prf: true, webauthn:virtualAuthenticators: true}
Session ID: 20d59c47c9d74443f83054c0ae0fc042
	at com.questapp.pages.LoginPage.login(LoginPage.java:97)
	at com.questapp.tests.BatchesPageTest.testAddBatch(BatchesPageTest.java:40)
	at java.base/jdk.internal.reflect.DirectMethodHandleAccessor.invoke(DirectMethodHandleAccessor.java:104)
	at java.base/java.lang.reflect.Method.invoke(Method.java:565)
	at org.testng.internal.invokers.MethodInvocationHelper.invokeMethod(MethodInvocationHelper.java:139)
	at org.testng.internal.invokers.TestInvoker.invokeMethod(TestInvoker.java:664)
	at org.testng.internal.invokers.TestInvoker.invokeTestMethod(TestInvoker.java:227)
	at org.testng.internal.invokers.MethodRunner.runInSequence(MethodRunner.java:50)
	at org.testng.internal.invokers.TestInvoker$MethodInvocationAgent.invoke(TestInvoker.java:957)
	at org.testng.internal.invokers.TestInvoker.invokeTestMethods(TestInvoker.java:200)
	at org.testng.internal.invokers.TestMethodWorker.invokeTestMethods(TestMethodWorker.java:148)
	at org.testng.internal.invokers.TestMethodWorker.run(TestMethodWorker.java:128)
	at java.base/java.util.ArrayList.forEach(ArrayList.java:1604)
	at org.testng.TestRunner.privateRun(TestRunner.java:848)
	at org.testng.TestRunner.run(TestRunner.java:621)
	at org.testng.SuiteRunner.runTest(SuiteRunner.java:443)
	at org.testng.SuiteRunner.runSequentially(SuiteRunner.java:437)
	at org.testng.SuiteRunner.privateRun(SuiteRunner.java:397)
	at org.testng.SuiteRunner.run(SuiteRunner.java:336)
	at org.testng.SuiteRunnerWorker.runSuite(SuiteRunnerWorker.java:52)
	at org.testng.SuiteRunnerWorker.run(SuiteRunnerWorker.java:95)
	at org.testng.TestNG.runSuitesSequentially(TestNG.java:1280)
	at org.testng.TestNG.runSuitesLocally(TestNG.java:1200)
	at org.testng.TestNG.runSuites(TestNG.java:1114)
	at org.testng.TestNG.run(TestNG.java:1082)
	at org.apache.maven.surefire.testng.TestNGExecutor.run(TestNGExecutor.java:155)
	at org.apache.maven.surefire.testng.TestNGDirectoryTestSuite.executeSingleClass(TestNGDirectoryTestSuite.java:102)
	at org.apache.maven.surefire.testng.TestNGDirectoryTestSuite.execute(TestNGDirectoryTestSuite.java:91)
	at org.apache.maven.surefire.testng.TestNGProvider.invoke(TestNGProvider.java:137)
	at org.apache.maven.surefire.booter.ForkedBooter.runSuitesInProcess(ForkedBooter.java:385)
	at org.apache.maven.surefire.booter.ForkedBooter.execute(ForkedBooter.java:162)
	at org.apache.maven.surefire.booter.ForkedBooter.run(ForkedBooter.java:507)
	at org.apache.maven.surefire.booter.ForkedBooter.main(ForkedBooter.java:495)
]]></failure>
    <system-out><![CDATA[Waiting for login button to be clickable...
Login button enabled: true
Login button displayed: true
Clicking login button (normal click)...
Login button clicked (normal click)
Current URL after login click: https://questapp.dev/lms/login
Page source after login click: <html lang="en" style="font-size: 14px;"><head>
    <meta charset="utf-8">
    <title>Quest LMS</title>
    <base href="/lms/">
    <meta name="viewport" content="width=device-width, initial-scale=1">

    <!-- Content Security Policy -->
    <meta http-equiv="Content-Security-Policy" content="
        default-src 'self';
        script-src 'self' 'unsafe-inline' 'unsafe-eval' https://www.googletagmanager.com https://www.google-analytics.com https://web-sdk.smartlook.com https://www.google.com/recaptcha/ https://www.gstatic.com/recaptcha/;
        style-src 'self' 'unsafe-inline' https://fonts.googleapis.com;
        font-src 'self' https://fonts.gstatic.com;
        img-src 'self' data: blob: https://rearchquest-development.s3.ap-south-1.amazonaws.com https://rearchquest.s3.ap-south-1.amazonaws.com https://www.googletagmanager.com https://www.google-analytics.com;
        connect-src 'self' https://www.google-analytics.com https://manager.eu.smartlook.cloud https://web-writer.sg.smartlook.cloud https://assets-proxy.smartlook.cloud https://questapp.dev https://rearchquest.s3.ap-south-1.amazonaws.com https://rearchquest-development.s3.ap-south-1.amazonaws.com https://cdn.plyr.io https://fcmregistrations.googleapis.com https://firebaseinstallations.googleapis.com https://firestore.googleapis.com https://firebaseremoteconfig.googleapis.com https://sso.questapp.in/;
        media-src 'self' https://d1wtp1rs8bm6vk.cloudfront.net https://cdn.plyr.io;
        frame-src 'self' https://d1wtp1rs8bm6vk.cloudfront.net https://www.google.com/recaptcha/ https://sso.questapp.in https://freescout.questapp.in https://freescout.questapp.dev;
        object-src 'none';
        base-uri 'self';
        form-action 'self';
        upgrade-insecure-requests;
      ">
    <link rel="icon" type="image/x-icon" href="favicon.ico">
    <link rel="preconnect" href="https://fonts.gstatic.com">
    <style type="text/css">@font-face{font-family:'Work Sans';font-style:italic;font-weight:100;font-display:swap;src:url(https://fonts.gstatic.com/s/worksans/v19/QGYqz_wNahGAdqQ43Rh_eZDkv_1i4_D2E4A.woff2) format('woff2');unicode-range:U+0102-0103, U+0110-0111, U+0128-0129, U+0168-0169, U+01A0-01A1, U+01AF-01B0, U+0300-0301, U+0303-0304, U+0308-0309, U+0323, U+0329, U+1EA0-1EF9, U+20AB;}@font-face{font-family:'Work Sans';font-style:italic;font-weight:100;font-display:swap;src:url(https://fonts.gstatic.com/s/worksans/v19/QGYqz_wNahGAdqQ43Rh_eZDlv_1i4_D2E4A.woff2) format('woff2');unicode-range:U+0100-02BA, U+02BD-02C5, U+02C7-02CC, U+02CE-02D7, U+02DD-02FF, U+0304, U+0308, U+0329, U+1D00-1DBF, U+1E00-1E9F, U+1EF2-1EFF, U+2020, U+20A0-20AB, U+20AD-20C0, U+2113, U+2C60-2C7F, U+A720-A7FF;}@font-face{font-family:'Work Sans';font-style:italic;font-weight:100;font-display:swap;src:url(https://fonts.gstatic.com/s/worksans/v19/QGYqz_wNahGAdqQ43Rh_eZDrv_1i4_D2.woff2) format('woff2');unicode-range:U+0000-00FF, U+0131, U+0152-0153, U+02BB-02BC, U+02C6, U+02DA, U+02DC, U+0304, U+0308, U+0329, U+2000-206F, U+20AC, U+2122, U+2191, U+2193, U+2212, U+2215, U+FEFF, U+FFFD;}@font-face{font-family:'Work Sans';font-style:italic;font-weight:200;font-display:swap;src:url(https://fonts.gstatic.com/s/worksans/v19/QGYqz_wNahGAdqQ43Rh_eZDkv_1i4_D2E4A.woff2) format('woff2');unicode-range:U+0102-0103, U+0110-0111, U+0128-0129, U+0168-0169, U+01A0-01A1, U+01AF-01B0, U+0300-0301, U+0303-0304, U+0308-0309, U+0323, U+0329, U+1EA0-1EF9, U+20AB;}@font-face{font-family:'Work Sans';font-style:italic;font-weight:200;font-display:swap;src:url(https://fonts.gstatic.com/s/worksans/v19/QGYqz_wNahGAdqQ43Rh_eZDlv_1i4_D2E4A.woff2) format('woff2');unicode-range:U+0100-02BA, U+02BD-02C5, U+02C7-02CC, U+02CE-02D7, U+02DD-02FF, U+0304, U+0308, U+0329, U+1D00-1DBF, U+1E00-1E9F, U+1EF2-1EFF, U+2020, U+20A0-20AB, U+20AD-20C0, U+2113, U+2C60-2C7F, U+A720-A7FF;}@font-face{font-family:'Work Sans';font-style:italic;font-weight:200;font-display:swap;src:url(https://fonts.gstatic.com/s/worksans/v19/QGYqz_wNahGAdqQ43Rh_eZDrv_1i4_D2.woff2) format('woff2');unicode-range:U+0000-00FF, U+0131, U+0152-0153, U+02BB-02BC, U+02C6, U+02DA, U+02DC, U+0304, U+0308, U+0329, U+2000-206F, U+20AC, U+2122, U+2191, U+2193, U+2212, U+2215, U+FEFF, U+FFFD;}@font-face{font-family:'Work Sans';font-style:italic;font-weight:300;font-display:swap;src:url(https://fonts.gstatic.com/s/worksans/v19/QGYqz_wNahGAdqQ43Rh_eZDkv_1i4_D2E4A.woff2) format('woff2');unicode-range:U+0102-0103, U+0110-0111, U+0128-0129, U+0168-0169, U+01A0-01A1, U+01AF-01B0, U+0300-0301, U+0303-0304, U+0308-0309, U+0323, U+0329, U+1EA0-1EF9, U+20AB;}@font-face{font-family:'Work Sans';font-style:italic;font-weight:300;font-display:swap;src:url(https://fonts.gstatic.com/s/worksans/v19/QGYqz_wNahGAdqQ43Rh_eZDlv_1i4_D2E4A.woff2) format('woff2');unicode-range:U+0100-02BA, U+02BD-02C5, U+02C7-02CC, U+02CE-02D7, U+02DD-02FF, U+0304, U+0308, U+0329, U+1D00-1DBF, U+1E00-1E9F, U+1EF2-1EFF, U+2020, U+20A0-20AB, U+20AD-20C0, U+2113, U+2C60-2C7F, U+A720-A7FF;}@font-face{font-family:'Work Sans';font-style:italic;font-weight:300;font-display:swap;src:url(https://fonts.gstatic.com/s/worksans/v19/QGYqz_wNahGAdqQ43Rh_eZDrv_1i4_D2.woff2) format('woff2');unicode-range:U+0000-00FF, U+0131, U+0152-0153, U+02BB-02BC, U+02C6, U+02DA, U+02DC, U+0304, U+0308, U+0329, U+2000-206F, U+20AC, U+2122, U+2191, U+2193, U+2212, U+2215, U+FEFF, U+FFFD;}@font-face{font-family:'Work Sans';font-style:italic;font-weight:400;font-display:swap;src:url(https://fonts.gstatic.com/s/worksans/v19/QGYqz_wNahGAdqQ43Rh_eZDkv_1i4_D2E4A.woff2) format('woff2');unicode-range:U+0102-0103, U+0110-0111, U+0128-0129, U+0168-0169, U+01A0-01A1, U+01AF-01B0, U+0300-0301, U+0303-0304, U+0308-0309, U+0323, U+0329, U+1EA0-1EF9, U+20AB;}@font-face{font-family:'Work Sans';font-style:italic;font-weight:400;font-display:swap;src:url(https://fonts.gstatic.com/s/worksans/v19/QGYqz_wNahGAdqQ43Rh_eZDlv_1i4_D2E4A.woff2) format('woff2');unicode-range:U+0100-02BA, U+02BD-02C5, U+02C7-02CC, U+02CE-02D7, U+02DD-02FF, U+0304, U+0308, U+0329, U+1D00-1DBF, U+1E00-1E9F, U+1EF2-1EFF, U+2020, U+20A0-20AB, U+20AD-20C0, U+2113, U+2C60-2C7F, U+A720-A7FF;}@font-face{font-family:'Work Sans';font-style:italic;font-weight:400;font-display:swap;src:url(https://fonts.gstatic.com/s/worksans/v19/QGYqz_wNahGAdqQ43Rh_eZDrv_1i4_D2.woff2) format('woff2');unicode-range:U+0000-00FF, U+0131, U+0152-0153, U+02BB-02BC, U+02C6, U+02DA, U+02DC, U+0304, U+0308, U+0329, U+2000-206F, U+20AC, U+2122, U+2191, U+2193, U+2212, U+2215, U+FEFF, U+FFFD;}@font-face{font-family:'Work Sans';font-style:italic;font-weight:500;font-display:swap;src:url(https://fonts.gstatic.com/s/worksans/v19/QGYqz_wNahGAdqQ43Rh_eZDkv_1i4_D2E4A.woff2) format('woff2');unicode-range:U+0102-0103, U+0110-0111, U+0128-0129, U+0168-0169, U+01A0-01A1, U+01AF-01B0, U+0300-0301, U+0303-0304, U+0308-0309, U+0323, U+0329, U+1EA0-1EF9, U+20AB;}@font-face{font-family:'Work Sans';font-style:italic;font-weight:500;font-display:swap;src:url(https://fonts.gstatic.com/s/worksans/v19/QGYqz_wNahGAdqQ43Rh_eZDlv_1i4_D2E4A.woff2) format('woff2');unicode-range:U+0100-02BA, U+02BD-02C5, U+02C7-02CC, U+02CE-02D7, U+02DD-02FF, U+0304, U+0308, U+0329, U+1D00-1DBF, U+1E00-1E9F, U+1EF2-1EFF, U+2020, U+20A0-20AB, U+20AD-20C0, U+2113, U+2C60-2C7F, U+A720-A7FF;}@font-face{font-family:'Work Sans';font-style:italic;font-weight:500;font-display:swap;src:url(https://fonts.gstatic.com/s/worksans/v19/QGYqz_wNahGAdqQ43Rh_eZDrv_1i4_D2.woff2) format('woff2');unicode-range:U+0000-00FF, U+0131, U+0152-0153, U+02BB-02BC, U+02C6, U+02DA, U+02DC, U+0304, U+0308, U+0329, U+2000-206F, U+20AC, U+2122, U+2191, U+2193, U+2212, U+2215, U+FEFF, U+FFFD;}@font-face{font-family:'Work Sans';font-style:italic;font-weight:600;font-display:swap;src:url(https://fonts.gstatic.com/s/worksans/v19/QGYqz_wNahGAdqQ43Rh_eZDkv_1i4_D2E4A.woff2) format('woff2');unicode-range:U+0102-0103, U+0110-0111, U+0128-0129, U+0168-0169, U+01A0-01A1, U+01AF-01B0, U+0300-0301, U+0303-0304, U+0308-0309, U+0323, U+0329, U+1EA0-1EF9, U+20AB;}@font-face{font-family:'Work Sans';font-style:italic;font-weight:600;font-display:swap;src:url(https://fonts.gstatic.com/s/worksans/v19/QGYqz_wNahGAdqQ43Rh_eZDlv_1i4_D2E4A.woff2) format('woff2');unicode-range:U+0100-02BA, U+02BD-02C5, U+02C7-02CC, U+02CE-02D7, U+02DD-02FF, U+0304, U+0308, U+0329, U+1D00-1DBF, U+1E00-1E9F, U+1EF2-1EFF, U+2020, U+20A0-20AB, U+20AD-20C0, U+2113, U+2C60-2C7F, U+A720-A7FF;}@font-face{font-family:'Work Sans';font-style:italic;font-weight:600;font-display:swap;src:url(https://fonts.gstatic.com/s/worksans/v19/QGYqz_wNahGAdqQ43Rh_eZDrv_1i4_D2.woff2) format('woff2');unicode-range:U+0000-00FF, U+0131, U+0152-0153, U+02BB-02BC, U+02C6, U+02DA, U+02DC, U+0304, U+0308, U+0329, U+2000-206F, U+20AC, U+2122, U+2191, U+2193, U+2212, U+2215, U+FEFF, U+FFFD;}@font-face{font-family:'Work Sans';font-style:normal;font-weight:100;font-display:swap;src:url(https://fonts.gstatic.com/s/worksans/v19/QGYsz_wNahGAdqQ43Rh_c6DptfpA4cD3.woff2) format('woff2');unicode-range:U+0102-0103, U+0110-0111, U+0128-0129, U+0168-0169, U+01A0-01A1, U+01AF-01B0, U+0300-0301, U+0303-0304, U+0308-0309, U+0323, U+0329, U+1EA0-1EF9, U+20AB;}@font-face{font-family:'Work Sans';font-style:normal;font-weight:100;font-display:swap;src:url(https://fonts.gstatic.com/s/worksans/v19/QGYsz_wNahGAdqQ43Rh_cqDptfpA4cD3.woff2) format('woff2');unicode-range:U+0100-02BA, U+02BD-02C5, U+02C7-02CC, U+02CE-02D7, U+02DD-02FF, U+0304, U+0308, U+0329, U+1D00-1DBF, U+1E00-1E9F, U+1EF2-1EFF, U+2020, U+20A0-20AB, U+20AD-20C0, U+2113, U+2C60-2C7F, U+A720-A7FF;}@font-face{font-family:'Work Sans';font-style:normal;font-weight:100;font-display:swap;src:url(https://fonts.gstatic.com/s/worksans/v19/QGYsz_wNahGAdqQ43Rh_fKDptfpA4Q.woff2) format('woff2');unicode-range:U+0000-00FF, U+0131, U+0152-0153, U+02BB-02BC, U+02C6, U+02DA, U+02DC, U+0304, U+0308, U+0329, U+2000-206F, U+20AC, U+2122, U+2191, U+2193, U+2212, U+2215, U+FEFF, U+FFFD;}@font-face{font-family:'Work Sans';font-style:normal;font-weight:200;font-display:swap;src:url(https://fonts.gstatic.com/s/worksans/v19/QGYsz_wNahGAdqQ43Rh_c6DptfpA4cD3.woff2) format('woff2');unicode-range:U+0102-0103, U+0110-0111, U+0128-0129, U+0168-0169, U+01A0-01A1, U+01AF-01B0, U+0300-0301, U+0303-0304, U+0308-0309, U+0323, U+0329, U+1EA0-1EF9, U+20AB;}@font-face{font-family:'Work Sans';font-style:normal;font-weight:200;font-display:swap;src:url(https://fonts.gstatic.com/s/worksans/v19/QGYsz_wNahGAdqQ43Rh_cqDptfpA4cD3.woff2) format('woff2');unicode-range:U+0100-02BA, U+02BD-02C5, U+02C7-02CC, U+02CE-02D7, U+02DD-02FF, U+0304, U+0308, U+0329, U+1D00-1DBF, U+1E00-1E9F, U+1EF2-1EFF, U+2020, U+20A0-20AB, U+20AD-20C0, U+2113, U+2C60-2C7F, U+A720-A7FF;}@font-face{font-family:'Work Sans';font-style:normal;font-weight:200;font-display:swap;src:url(https://fonts.gstatic.com/s/worksans/v19/QGYsz_wNahGAdqQ43Rh_fKDptfpA4Q.woff2) format('woff2');unicode-range:U+0000-00FF, U+0131, U+0152-0153, U+02BB-02BC, U+02C6, U+02DA, U+02DC, U+0304, U+0308, U+0329, U+2000-206F, U+20AC, U+2122, U+2191, U+2193, U+2212, U+2215, U+FEFF, U+FFFD;}@font-face{font-family:'Work Sans';font-style:normal;font-weight:300;font-display:swap;src:url(https://fonts.gstatic.com/s/worksans/v19/QGYsz_wNahGAdqQ43Rh_c6DptfpA4cD3.woff2) format('woff2');unicode-range:U+0102-0103, U+0110-0111, U+0128-0129, U+0168-0169, U+01A0-01A1, U+01AF-01B0, U+0300-0301, U+0303-0304, U+0308-0309, U+0323, U+0329, U+1EA0-1EF9, U+20AB;}@font-face{font-family:'Work Sans';font-style:normal;font-weight:300;font-display:swap;src:url(https://fonts.gstatic.com/s/worksans/v19/QGYsz_wNahGAdqQ43Rh_cqDptfpA4cD3.woff2) format('woff2');unicode-range:U+0100-02BA, U+02BD-02C5, U+02C7-02CC, U+02CE-02D7, U+02DD-02FF, U+0304, U+0308, U+0329, U+1D00-1DBF, U+1E00-1E9F, U+1EF2-1EFF, U+2020, U+20A0-20AB, U+20AD-20C0, U+2113, U+2C60-2C7F, U+A720-A7FF;}@font-face{font-family:'Work Sans';font-style:normal;font-weight:300;font-display:swap;src:url(https://fonts.gstatic.com/s/worksans/v19/QGYsz_wNahGAdqQ43Rh_fKDptfpA4Q.woff2) format('woff2');unicode-range:U+0000-00FF, U+0131, U+0152-0153, U+02BB-02BC, U+02C6, U+02DA, U+02DC, U+0304, U+0308, U+0329, U+2000-206F, U+20AC, U+2122, U+2191, U+2193, U+2212, U+2215, U+FEFF, U+FFFD;}@font-face{font-family:'Work Sans';font-style:normal;font-weight:400;font-display:swap;src:url(https://fonts.gstatic.com/s/worksans/v19/QGYsz_wNahGAdqQ43Rh_c6DptfpA4cD3.woff2) format('woff2');unicode-range:U+0102-0103, U+0110-0111, U+0128-0129, U+0168-0169, U+01A0-01A1, U+01AF-01B0, U+0300-0301, U+0303-0304, U+0308-0309, U+0323, U+0329, U+1EA0-1EF9, U+20AB;}@font-face{font-family:'Work Sans';font-style:normal;font-weight:400;font-display:swap;src:url(https://fonts.gstatic.com/s/worksans/v19/QGYsz_wNahGAdqQ43Rh_cqDptfpA4cD3.woff2) format('woff2');unicode-range:U+0100-02BA, U+02BD-02C5, U+02C7-02CC, U+02CE-02D7, U+02DD-02FF, U+0304, U+0308, U+0329, U+1D00-1DBF, U+1E00-1E9F, U+1EF2-1EFF, U+2020, U+20A0-20AB, U+20AD-20C0, U+2113, U+2C60-2C7F, U+A720-A7FF;}@font-face{font-family:'Work Sans';font-style:normal;font-weight:400;font-display:swap;src:url(https://fonts.gstatic.com/s/worksans/v19/QGYsz_wNahGAdqQ43Rh_fKDptfpA4Q.woff2) format('woff2');unicode-range:U+0000-00FF, U+0131, U+0152-0153, U+02BB-02BC, U+02C6, U+02DA, U+02DC, U+0304, U+0308, U+0329, U+2000-206F, U+20AC, U+2122, U+2191, U+2193, U+2212, U+2215, U+FEFF, U+FFFD;}@font-face{font-family:'Work Sans';font-style:normal;font-weight:500;font-display:swap;src:url(https://fonts.gstatic.com/s/worksans/v19/QGYsz_wNahGAdqQ43Rh_c6DptfpA4cD3.woff2) format('woff2');unicode-range:U+0102-0103, U+0110-0111, U+0128-0129, U+0168-0169, U+01A0-01A1, U+01AF-01B0, U+0300-0301, U+0303-0304, U+0308-0309, U+0323, U+0329, U+1EA0-1EF9, U+20AB;}@font-face{font-family:'Work Sans';font-style:normal;font-weight:500;font-display:swap;src:url(https://fonts.gstatic.com/s/worksans/v19/QGYsz_wNahGAdqQ43Rh_cqDptfpA4cD3.woff2) format('woff2');unicode-range:U+0100-02BA, U+02BD-02C5, U+02C7-02CC, U+02CE-02D7, U+02DD-02FF, U+0304, U+0308, U+0329, U+1D00-1DBF, U+1E00-1E9F, U+1EF2-1EFF, U+2020, U+20A0-20AB, U+20AD-20C0, U+2113, U+2C60-2C7F, U+A720-A7FF;}@font-face{font-family:'Work Sans';font-style:normal;font-weight:500;font-display:swap;src:url(https://fonts.gstatic.com/s/worksans/v19/QGYsz_wNahGAdqQ43Rh_fKDptfpA4Q.woff2) format('woff2');unicode-range:U+0000-00FF, U+0131, U+0152-0153, U+02BB-02BC, U+02C6, U+02DA, U+02DC, U+0304, U+0308, U+0329, U+2000-206F, U+20AC, U+2122, U+2191, U+2193, U+2212, U+2215, U+FEFF, U+FFFD;}@font-face{font-family:'Work Sans';font-style:normal;font-weight:600;font-display:swap;src:url(https://fonts.gstatic.com/s/worksans/v19/QGYsz_wNahGAdqQ43Rh_c6DptfpA4cD3.woff2) format('woff2');unicode-range:U+0102-0103, U+0110-0111, U+0128-0129, U+0168-0169, U+01A0-01A1, U+01AF-01B0, U+0300-0301, U+0303-0304, U+0308-0309, U+0323, U+0329, U+1EA0-1EF9, U+20AB;}@font-face{font-family:'Work Sans';font-style:normal;font-weight:600;font-display:swap;src:url(https://fonts.gstatic.com/s/worksans/v19/QGYsz_wNahGAdqQ43Rh_cqDptfpA4cD3.woff2) format('woff2');unicode-range:U+0100-02BA, U+02BD-02C5, U+02C7-02CC, U+02CE-02D7, U+02DD-02FF, U+0304, U+0308, U+0329, U+1D00-1DBF, U+1E00-1E9F, U+1EF2-1EFF, U+2020, U+20A0-20AB, U+20AD-20C0, U+2113, U+2C60-2C7F, U+A720-A7FF;}@font-face{font-family:'Work Sans';font-style:normal;font-weight:600;font-display:swap;src:url(https://fonts.gstatic.com/s/worksans/v19/QGYsz_wNahGAdqQ43Rh_fKDptfpA4Q.woff2) format('woff2');unicode-range:U+0000-00FF, U+0131, U+0152-0153, U+02BB-02BC, U+02C6, U+02DA, U+02DC, U+0304, U+0308, U+0329, U+2000-206F, U+20AC, U+2122, U+2191, U+2193, U+2212, U+2215, U+FEFF, U+FFFD;}@font-face{font-family:'Work Sans';font-style:normal;font-weight:700;font-display:swap;src:url(https://fonts.gstatic.com/s/worksans/v19/QGYsz_wNahGAdqQ43Rh_c6DptfpA4cD3.woff2) format('woff2');unicode-range:U+0102-0103, U+0110-0111, U+0128-0129, U+0168-0169, U+01A0-01A1, U+01AF-01B0, U+0300-0301, U+0303-0304, U+0308-0309, U+0323, U+0329, U+1EA0-1EF9, U+20AB;}@font-face{font-family:'Work Sans';font-style:normal;font-weight:700;font-display:swap;src:url(https://fonts.gstatic.com/s/worksans/v19/QGYsz_wNahGAdqQ43Rh_cqDptfpA4cD3.woff2) format('woff2');unicode-range:U+0100-02BA, U+02BD-02C5, U+02C7-02CC, U+02CE-02D7, U+02DD-02FF, U+0304, U+0308, U+0329, U+1D00-1DBF, U+1E00-1E9F, U+1EF2-1EFF, U+2020, U+20A0-20AB, U+20AD-20C0, U+2113, U+2C60-2C7F, U+A720-A7FF;}@font-face{font-family:'Work Sans';font-style:normal;font-weight:700;font-display:swap;src:url(https://fonts.gstatic.com/s/worksans/v19/QGYsz_wNahGAdqQ43Rh_fKDptfpA4Q.woff2) format('woff2');unicode-range:U+0000-00FF, U+0131, U+0152-0153, U+02BB-02BC, U+02C6, U+02DA, U+02DC, U+0304, U+0308, U+0329, U+2000-206F, U+20AC, U+2122, U+2191, U+2193, U+2212, U+2215, U+FEFF, U+FFFD;}@font-face{font-family:'Work Sans';font-style:normal;font-weight:800;font-display:swap;src:url(https://fonts.gstatic.com/s/worksans/v19/QGYsz_wNahGAdqQ43Rh_c6DptfpA4cD3.woff2) format('woff2');unicode-range:U+0102-0103, U+0110-0111, U+0128-0129, U+0168-0169, U+01A0-01A1, U+01AF-01B0, U+0300-0301, U+0303-0304, U+0308-0309, U+0323, U+0329, U+1EA0-1EF9, U+20AB;}@font-face{font-family:'Work Sans';font-style:normal;font-weight:800;font-display:swap;src:url(https://fonts.gstatic.com/s/worksans/v19/QGYsz_wNahGAdqQ43Rh_cqDptfpA4cD3.woff2) format('woff2');unicode-range:U+0100-02BA, U+02BD-02C5, U+02C7-02CC, U+02CE-02D7, U+02DD-02FF, U+0304, U+0308, U+0329, U+1D00-1DBF, U+1E00-1E9F, U+1EF2-1EFF, U+2020, U+20A0-20AB, U+20AD-20C0, U+2113, U+2C60-2C7F, U+A720-A7FF;}@font-face{font-family:'Work Sans';font-style:normal;font-weight:800;font-display:swap;src:url(https://fonts.gstatic.com/s/worksans/v19/QGYsz_wNahGAdqQ43Rh_fKDptfpA4Q.woff2) format('woff2');unicode-range:U+0000-00FF, U+0131, U+0152-0153, U+02BB-02BC, U+02C6, U+02DA, U+02DC, U+0304, U+0308, U+0329, U+2000-206F, U+20AC, U+2122, U+2191, U+2193, U+2212, U+2215, U+FEFF, U+FFFD;}@font-face{font-family:'Work Sans';font-style:normal;font-weight:900;font-display:swap;src:url(https://fonts.gstatic.com/s/worksans/v19/QGYsz_wNahGAdqQ43Rh_c6DptfpA4cD3.woff2) format('woff2');unicode-range:U+0102-0103, U+0110-0111, U+0128-0129, U+0168-0169, U+01A0-01A1, U+01AF-01B0, U+0300-0301, U+0303-0304, U+0308-0309, U+0323, U+0329, U+1EA0-1EF9, U+20AB;}@font-face{font-family:'Work Sans';font-style:normal;font-weight:900;font-display:swap;src:url(https://fonts.gstatic.com/s/worksans/v19/QGYsz_wNahGAdqQ43Rh_cqDptfpA4cD3.woff2) format('woff2');unicode-range:U+0100-02BA, U+02BD-02C5, U+02C7-02CC, U+02CE-02D7, U+02DD-02FF, U+0304, U+0308, U+0329, U+1D00-1DBF, U+1E00-1E9F, U+1EF2-1EFF, U+2020, U+20A0-20AB, U+20AD-20C0, U+2113, U+2C60-2C7F, U+A720-A7FF;}@font-face{font-family:'Work Sans';font-style:normal;font-weight:900;font-display:swap;src:url(https://fonts.gstatic.com/s/worksans/v19/QGYsz_wNahGAdqQ43Rh_fKDptfpA4Q.woff2) format('woff2');unicode-range:U+0000-00FF, U+0131, U+0152-0153, U+02BB-02BC, U+02C6, U+02DA, U+02DC, U+0304, U+0308, U+0329, U+2000-206F, U+20AC, U+2122, U+2191, U+2193, U+2212, U+2215, U+FEFF, U+FFFD;}</style>
    <style type="text/css">@font-face{font-family:'Material Icons';font-style:normal;font-weight:400;font-display:swap;src:url(https://fonts.gstatic.com/s/materialicons/v143/flUhRq6tzZclQEJ-Vdg-IuiaDsNcIhQ8tQ.woff2) format('woff2');}@font-face{font-family:'Material Icons Outlined';font-style:normal;font-weight:400;font-display:swap;src:url(https://fonts.gstatic.com/s/materialiconsoutlined/v109/gok-H7zzDkdnRel8-DQ6KAXJ69wP1tGnf4ZGhUcel5euIg.woff2) format('woff2');}@font-face{font-family:'Material Icons Round';font-style:normal;font-weight:400;font-display:swap;src:url(https://fonts.gstatic.com/s/materialiconsround/v108/LDItaoyNOAY6Uewc665JcIzCKsKc_M9flwmPq_HTTw.woff2) format('woff2');}@font-face{font-family:'Material Icons Sharp';font-style:normal;font-weight:400;font-display:swap;src:url(https://fonts.gstatic.com/s/materialiconssharp/v109/oPWQ_lt5nv4pWNJpghLP75WiFR4kLh3kvmvRImcycg.woff2) format('woff2');}@font-face{font-family:'Material Icons Two Tone';font-style:normal;font-weight:400;font-display:swap;src:url(https://fonts.gstatic.com/s/materialiconstwotone/v112/hESh6WRmNCxEqUmNyh3JDeGxjVVyMg4tHGctNCu0NjbrHg.woff2) format('woff2');}body{--google-font-color-materialiconstwotone:none;}.material-icons{font-family:'Material Icons';font-weight:normal;font-style:normal;font-size:24px;line-height:1;letter-spacing:normal;text-transform:none;display:inline-block;white-space:nowrap;word-wrap:normal;direction:ltr;-webkit-font-feature-settings:'liga';-webkit-font-smoothing:antialiased;}.material-icons-outlined{font-family:'Material Icons Outlined';font-weight:normal;font-style:normal;font-size:24px;line-height:1;letter-spacing:normal;text-transform:none;display:inline-block;white-space:nowrap;word-wrap:normal;direction:ltr;-webkit-font-feature-settings:'liga';-webkit-font-smoothing:antialiased;}.material-icons-round{font-family:'Material Icons Round';font-weight:normal;font-style:normal;font-size:24px;line-height:1;letter-spacing:normal;text-transform:none;display:inline-block;white-space:nowrap;word-wrap:normal;direction:ltr;-webkit-font-feature-settings:'liga';-webkit-font-smoothing:antialiased;}.material-icons-sharp{font-family:'Material Icons Sharp';font-weight:normal;font-style:normal;font-size:24px;line-height:1;letter-spacing:normal;text-transform:none;display:inline-block;white-space:nowrap;word-wrap:normal;direction:ltr;-webkit-font-feature-settings:'liga';-webkit-font-smoothing:antialiased;}.material-icons-two-tone{font-family:'Material Icons Two Tone';font-weight:normal;font-style:normal;font-size:24px;line-height:1;letter-spacing:normal;text-transform:none;display:inline-block;white-space:nowrap;word-wrap:normal;direction:ltr;-webkit-font-feature-settings:'liga';-webkit-font-smoothing:antialiased;}</style>
  <style>@charset "UTF-8";:root{--sk-size:40px;--sk-color:#333}:root{--surface-a:#fff;--surface-b:#fafafa;--surface-c:rgba(0,0,0,.04);--surface-d:rgba(0,0,0,.12);--surface-e:#fff;--surface-f:#fff;--text-color:rgba(0,0,0,.87);--text-color-secondary:rgba(0,0,0,.6);--primary-color:#3f51b5;--primary-color-text:#fff;--font-family:Roboto,Helvetica Neue Light,Helvetica Neue,Helvetica,Arial,Lucida Grande,sans-serif;--surface-0:#fff;--surface-50:#fafafa;--surface-100:#f5f5f5;--surface-200:#eee;--surface-300:#e0e0e0;--surface-400:#bdbdbd;--surface-500:#9e9e9e;--surface-600:#757575;--surface-700:#616161;--surface-800:#424242;--surface-900:#212121;--gray-50:#fafafa;--gray-100:#f5f5f5;--gray-200:#eee;--gray-300:#e0e0e0;--gray-400:#bdbdbd;--gray-500:#9e9e9e;--gray-600:#757575;--gray-700:#616161;--gray-800:#424242;--gray-900:#212121;--content-padding:1rem;--inline-spacing:0.5rem;--border-radius:4px;--surface-ground:#fafafa;--surface-section:#fff;--surface-card:#fff;--surface-overlay:#fff;--surface-border:#rgba(0,0,0,.12);--surface-hover:rgba(0,0,0,.04);--maskbg:rgba(0,0,0,.32);--focus-ring:none}@font-face{font-family:Roboto;font-style:normal;font-weight:400;src:local("Roboto"),local("Roboto-Regular"),url(roboto-v20-latin-ext_latin-regular.5cb5c8f08bb4e6cb64c3.woff2) format("woff2"),url(roboto-v20-latin-ext_latin-regular.ae804dc012b1b5255474.woff) format("woff")}@font-face{font-family:Roboto;font-style:normal;font-weight:500;src:local("Roboto Medium"),local("Roboto-Medium"),url(roboto-v20-latin-ext_latin-500.0b45721325446d537b54.woff2) format("woff2"),url(roboto-v20-latin-ext_latin-500.e492ac63197a57e7f4d3.woff) format("woff")}@font-face{font-family:Roboto;font-style:normal;font-weight:700;src:local("Roboto Bold"),local("Roboto-Bold"),url(roboto-v20-latin-ext_latin-700.1d1ef7788f0ff084b881.woff2) format("woff2"),url(roboto-v20-latin-ext_latin-700.8aba6dc5d991e4367d7a.woff) format("woff")}*{box-sizing:border-box}:root{--blue-50:#f4fafe;--blue-100:#cae6fc;--blue-200:#a0d2fa;--blue-300:#75bef8;--blue-400:#4baaf5;--blue-500:#2196f3;--blue-600:#1c80cf;--blue-700:#1769aa;--blue-800:#125386;--blue-900:#0d3c61;--green-50:#f7faf5;--green-100:#dbe8cf;--green-200:#bed6a9;--green-300:#a1c384;--green-400:#85b15e;--green-500:#689f38;--green-600:#588730;--green-700:#496f27;--green-800:#39571f;--green-900:#2a4016;--yellow-50:#fffcf5;--yellow-100:#fef0cd;--yellow-200:#fde4a5;--yellow-300:#fdd87d;--yellow-400:#fccc55;--yellow-500:#fbc02d;--yellow-600:#d5a326;--yellow-700:#b08620;--yellow-800:#8a6a19;--yellow-900:#644d12;--cyan-50:#f2fcfd;--cyan-100:#c2eff5;--cyan-200:#91e2ed;--cyan-300:#61d5e4;--cyan-400:#30c9dc;--cyan-500:#00bcd4;--cyan-600:#00a0b4;--cyan-700:#008494;--cyan-800:#006775;--cyan-900:#004b55;--pink-50:#fef4f7;--pink-100:#fac9da;--pink-200:#f69ebc;--pink-300:#f1749e;--pink-400:#ed4981;--pink-500:#e91e63;--pink-600:#c61a54;--pink-700:#a31545;--pink-800:#801136;--pink-900:#5d0c28;--indigo-50:#f6f7fc;--indigo-100:#d5d9ef;--indigo-200:#b3bae2;--indigo-300:#919cd5;--indigo-400:#707dc8;--indigo-500:#4e5fbb;--indigo-600:#42519f;--indigo-700:#374383;--indigo-800:#2b3467;--indigo-900:#1f264b;--teal-50:#f2faf9;--teal-100:#c2e6e2;--teal-200:#91d2cc;--teal-300:#61beb5;--teal-400:#30aa9f;--teal-500:#009688;--teal-600:#008074;--teal-700:#00695f;--teal-800:#00534b;--teal-900:#003c36;--orange-50:#fffaf2;--orange-100:#ffe6c2;--orange-200:#ffd391;--orange-300:#ffbf61;--orange-400:#ffac30;--orange-500:#ff9800;--orange-600:#d98100;--orange-700:#b36a00;--orange-800:#8c5400;--orange-900:#663d00;--bluegray-50:#f7f9f9;--bluegray-100:#d9e0e3;--bluegray-200:#bbc7cd;--bluegray-300:#9caeb7;--bluegray-400:#7e96a1;--bluegray-500:#607d8b;--bluegray-600:#526a76;--bluegray-700:#435861;--bluegray-800:#35454c;--bluegray-900:#263238;--purple-50:#faf4fb;--purple-100:#e7cbec;--purple-200:#d4a2dd;--purple-300:#c279ce;--purple-400:#af50bf;--purple-500:#9c27b0;--purple-600:#852196;--purple-700:#6d1b7b;--purple-800:#561561;--purple-900:#3e1046}body,html{height:100%;width:100%}body{font-feature-settings:"tnum";font-size:14px}html{-webkit-tap-highlight-color:transparent}*,:after,:before{box-sizing:border-box}html{font-family:sans-serif;line-height:1.15;-webkit-text-size-adjust:100%;-ms-text-size-adjust:100%;-ms-overflow-style:scrollbar;--antd-wave-shadow-color:#1890ff;--scroll-bar:0}body{font-family:-apple-system,BlinkMacSystemFont,Segoe UI,Roboto,Helvetica Neue,Arial,Noto Sans,sans-serif,Apple Color Emoji,Segoe UI Emoji,Segoe UI Symbol,Noto Color Emoji}body{color:rgba(0,0,0,.85);font-feature-settings:"tnum";font-variant:tabular-nums;line-height:1.5715;background-color:#fff}.mat-typography{font:400 14px/20px Roboto,Helvetica Neue,sans-serif;letter-spacing:normal}body,html{height:100%}body{background:#fff;margin:0;padding:0}body.mat-typography{font-family:Work Sans,sans-serif;font-size:1rem;font-weight:400}</style><link rel="stylesheet" href="styles.214c64bda4bbc92fbc12.css" media="all" onload="this.media='all'"><noscript><link rel="stylesheet" href="styles.214c64bda4bbc92fbc12.css"></noscript><style></style><script type="text/javascript" async="" src="https://www.google-analytics.com/analytics.js"></script><script type="text/javascript" async="" src="https://www.googletagmanager.com/gtag/js?id=G-KZJ8LBGHQL&amp;l=dataLayer&amp;cx=c&amp;gtm=457e54n0za200zb9196998552&amp;tag_exp=102887800~103051953~103077950~103106314~103106316~103116026~103130360~103130362~103200004"></script><script type="text/javascript" async="" src="https://www.googletagmanager.com/gtag/js?id=UA-227460719-1&amp;l=dataLayer&amp;cx=c&amp;gtm=45je54n0v9196998552za200&amp;tag_exp=101509156~102887800~103051953~103077950~103106314~103106316~103116025~103130360~103130362~103200001"></script><script async="" type="text/javascript" crossorigin="anonymous" src="https://web-sdk.smartlook.com/recorder.js"></script><style>.core-container[_ngcontent-tdo-c131]{padding:min(5vw,40px) 1vw}.core-container[_ngcontent-tdo-c131]   .language-select[_ngcontent-tdo-c131]{position:absolute;right:10px;top:10px}.core-container[_ngcontent-tdo-c131]   .spacer[_ngcontent-tdo-c131]{height:55px}.core-container[_ngcontent-tdo-c131]   mat-tab-group.mat-tab-group[_ngcontent-tdo-c131]{min-height:375px}.core-container[_ngcontent-tdo-c131]   mat-tab-group.mat-tab-group[_ngcontent-tdo-c131]     .mat-tab-header{border-bottom:0;margin-bottom:15px}.core-container[_ngcontent-tdo-c131]   mat-tab-group.mat-tab-group[_ngcontent-tdo-c131]     .mat-tab-label{color:#fff;font-size:20px;font-weight:400;padding:0 min(5vw,24px)}.core-container[_ngcontent-tdo-c131]   mat-tab-group.mat-tab-group[_ngcontent-tdo-c131]     .mat-tab-label-active{color:#fff;font-weight:400;opacity:1}.core-container[_ngcontent-tdo-c131]   mat-tab-group.mat-tab-group[_ngcontent-tdo-c131]     .mat-ink-bar{height:4px}.core-container[_ngcontent-tdo-c131]   .mat-card[_ngcontent-tdo-c131]{padding:60px 0 40px}.core-container[_ngcontent-tdo-c131]   .link-text[_ngcontent-tdo-c131]{font-size:17px}.core-container[_ngcontent-tdo-c131]   .link-text.offline[_ngcontent-tdo-c131] > span[_ngcontent-tdo-c131], .core-container[_ngcontent-tdo-c131]   .link-text.help[_ngcontent-tdo-c131]{cursor:pointer}.core-container[_ngcontent-tdo-c131]   button.mat-flat-button[_ngcontent-tdo-c131]{font-size:16px}.forgot-password[_ngcontent-tdo-c131]{cursor:pointer;color:#0075bc}.otp-timer[_ngcontent-tdo-c131]{color:#0075bc}  .p-inputmask{text-align:center}@media screen and (max-width: 599px){.p-float-label[_ngcontent-tdo-c131]{font-size:11px}}.enter-otp[_ngcontent-tdo-c131]{font-family:inherit}@media screen and (max-width: 599px){.enter-otp[_ngcontent-tdo-c131]{text-align:center}}</style><style type="text/css">
/*
  @angular/flex-layout - workaround for possible browser quirk with mediaQuery listeners
  see http://bit.ly/2sd4HMP
*/
@media screen and (min-width: 600px), screen and (min-width: 960px), screen and (min-width: 1280px), screen and (min-width: 1920px), screen and (min-width: 1920px) and (max-width: 4999.98px), screen and (max-width: 1919.98px), screen and (min-width: 1280px) and (max-width: 1919.98px), screen and (max-width: 1279.98px), screen and (min-width: 960px) and (max-width: 1279.98px), screen and (max-width: 959.98px), screen and (min-width: 600px) and (max-width: 959.98px), screen and (max-width: 599.98px), screen and (min-width: 0px) and (max-width: 599.98px), print {.fx-query-test{ }}
</style><style>mat-form-field.mat-form-field.language[_ngcontent-tdo-c92]{font-size:14px}mat-form-field.mat-form-field.language[_ngcontent-tdo-c92]     .mat-form-field-appearance-outline .mat-form-field-outline, mat-form-field.mat-form-field.language[_ngcontent-tdo-c92]     .mat-form-field-label, mat-form-field.mat-form-field.language[_ngcontent-tdo-c92]     .mat-select-value-text, mat-form-field.mat-form-field.language[_ngcontent-tdo-c92]     .mat-select-arrow{color:#fff}  .language-dropdown.mat-select-panel .mat-option{border-left:3px solid #ffffff;white-space:pre-wrap}  .language-dropdown.mat-select-panel .mat-option:hover{background:#ffffff;border-left:3px solid #0075bc;color:#0075bc}  .language-dropdown.mat-select-panel .mat-option.mat-selected{border-left:3px solid #0075bc}  .language-dropdown.mat-select-panel .mat-option.mat-selected:not(.mat-option-multiple){background:#ffffff;color:#0075bc}</style><style>.mat-form-field{display:inline-block;position:relative;text-align:left}[dir=rtl] .mat-form-field{text-align:right}.mat-form-field-wrapper{position:relative}.mat-form-field-flex{display:inline-flex;align-items:baseline;box-sizing:border-box;width:100%}.mat-form-field-prefix,.mat-form-field-suffix{white-space:nowrap;flex:none;position:relative}.mat-form-field-infix{display:block;position:relative;flex:auto;min-width:0;width:180px}.cdk-high-contrast-active .mat-form-field-infix{border-image:linear-gradient(transparent, transparent)}.mat-form-field-label-wrapper{position:absolute;left:0;box-sizing:content-box;width:100%;height:100%;overflow:hidden;pointer-events:none}[dir=rtl] .mat-form-field-label-wrapper{left:auto;right:0}.mat-form-field-label{position:absolute;left:0;font:inherit;pointer-events:none;width:100%;white-space:nowrap;text-overflow:ellipsis;overflow:hidden;transform-origin:0 0;transition:transform 400ms cubic-bezier(0.25, 0.8, 0.25, 1),color 400ms cubic-bezier(0.25, 0.8, 0.25, 1),width 400ms cubic-bezier(0.25, 0.8, 0.25, 1);display:none}[dir=rtl] .mat-form-field-label{transform-origin:100% 0;left:auto;right:0}.mat-form-field-empty.mat-form-field-label,.mat-form-field-can-float.mat-form-field-should-float .mat-form-field-label{display:block}.mat-form-field-autofill-control:-webkit-autofill+.mat-form-field-label-wrapper .mat-form-field-label{display:none}.mat-form-field-can-float .mat-form-field-autofill-control:-webkit-autofill+.mat-form-field-label-wrapper .mat-form-field-label{display:block;transition:none}.mat-input-server:focus+.mat-form-field-label-wrapper .mat-form-field-label,.mat-input-server[placeholder]:not(:placeholder-shown)+.mat-form-field-label-wrapper .mat-form-field-label{display:none}.mat-form-field-can-float .mat-input-server:focus+.mat-form-field-label-wrapper .mat-form-field-label,.mat-form-field-can-float .mat-input-server[placeholder]:not(:placeholder-shown)+.mat-form-field-label-wrapper .mat-form-field-label{display:block}.mat-form-field-label:not(.mat-form-field-empty){transition:none}.mat-form-field-underline{position:absolute;width:100%;pointer-events:none;transform:scale3d(1, 1.0001, 1)}.mat-form-field-ripple{position:absolute;left:0;width:100%;transform-origin:50%;transform:scaleX(0.5);opacity:0;transition:background-color 300ms cubic-bezier(0.55, 0, 0.55, 0.2)}.mat-form-field.mat-focused .mat-form-field-ripple,.mat-form-field.mat-form-field-invalid .mat-form-field-ripple{opacity:1;transform:none;transition:transform 300ms cubic-bezier(0.25, 0.8, 0.25, 1),opacity 100ms cubic-bezier(0.25, 0.8, 0.25, 1),background-color 300ms cubic-bezier(0.25, 0.8, 0.25, 1)}.mat-form-field-subscript-wrapper{position:absolute;box-sizing:border-box;width:100%;overflow:hidden}.mat-form-field-subscript-wrapper .mat-icon,.mat-form-field-label-wrapper .mat-icon{width:1em;height:1em;font-size:inherit;vertical-align:baseline}.mat-form-field-hint-wrapper{display:flex}.mat-form-field-hint-spacer{flex:1 0 1em}.mat-error{display:block}.mat-form-field-control-wrapper{position:relative}.mat-form-field-hint-end{order:1}.mat-form-field._mat-animation-noopable .mat-form-field-label,.mat-form-field._mat-animation-noopable .mat-form-field-ripple{transition:none}
</style><style>.mat-form-field-appearance-fill .mat-form-field-flex{border-radius:4px 4px 0 0;padding:.75em .75em 0 .75em}.cdk-high-contrast-active .mat-form-field-appearance-fill .mat-form-field-flex{outline:solid 1px}.cdk-high-contrast-active .mat-form-field-appearance-fill.mat-focused .mat-form-field-flex{outline:dashed 3px}.mat-form-field-appearance-fill .mat-form-field-underline::before{content:"";display:block;position:absolute;bottom:0;height:1px;width:100%}.mat-form-field-appearance-fill .mat-form-field-ripple{bottom:0;height:2px}.cdk-high-contrast-active .mat-form-field-appearance-fill .mat-form-field-ripple{height:0}.mat-form-field-appearance-fill:not(.mat-form-field-disabled) .mat-form-field-flex:hover~.mat-form-field-underline .mat-form-field-ripple{opacity:1;transform:none;transition:opacity 600ms cubic-bezier(0.25, 0.8, 0.25, 1)}.mat-form-field-appearance-fill._mat-animation-noopable:not(.mat-form-field-disabled) .mat-form-field-flex:hover~.mat-form-field-underline .mat-form-field-ripple{transition:none}.mat-form-field-appearance-fill .mat-form-field-subscript-wrapper{padding:0 1em}
</style><style>.mat-input-element{font:inherit;background:transparent;color:currentColor;border:none;outline:none;padding:0;margin:0;width:100%;max-width:100%;vertical-align:bottom;text-align:inherit;box-sizing:content-box}.mat-input-element:-moz-ui-invalid{box-shadow:none}.mat-input-element::-ms-clear,.mat-input-element::-ms-reveal{display:none}.mat-input-element,.mat-input-element::-webkit-search-cancel-button,.mat-input-element::-webkit-search-decoration,.mat-input-element::-webkit-search-results-button,.mat-input-element::-webkit-search-results-decoration{-webkit-appearance:none}.mat-input-element::-webkit-contacts-auto-fill-button,.mat-input-element::-webkit-caps-lock-indicator,.mat-input-element:not([type=password])::-webkit-credentials-auto-fill-button{visibility:hidden}.mat-input-element[type=date],.mat-input-element[type=datetime],.mat-input-element[type=datetime-local],.mat-input-element[type=month],.mat-input-element[type=week],.mat-input-element[type=time]{line-height:1}.mat-input-element[type=date]::after,.mat-input-element[type=datetime]::after,.mat-input-element[type=datetime-local]::after,.mat-input-element[type=month]::after,.mat-input-element[type=week]::after,.mat-input-element[type=time]::after{content:" ";white-space:pre;width:1px}.mat-input-element::-webkit-inner-spin-button,.mat-input-element::-webkit-calendar-picker-indicator,.mat-input-element::-webkit-clear-button{font-size:.75em}.mat-input-element::placeholder{-webkit-user-select:none;-moz-user-select:none;-ms-user-select:none;user-select:none;transition:color 400ms 133.3333333333ms cubic-bezier(0.25, 0.8, 0.25, 1)}.mat-input-element::placeholder:-ms-input-placeholder{-ms-user-select:text}.mat-input-element::-moz-placeholder{-webkit-user-select:none;-moz-user-select:none;-ms-user-select:none;user-select:none;transition:color 400ms 133.3333333333ms cubic-bezier(0.25, 0.8, 0.25, 1)}.mat-input-element::-moz-placeholder:-ms-input-placeholder{-ms-user-select:text}.mat-input-element::-webkit-input-placeholder{-webkit-user-select:none;-moz-user-select:none;-ms-user-select:none;user-select:none;transition:color 400ms 133.3333333333ms cubic-bezier(0.25, 0.8, 0.25, 1)}.mat-input-element::-webkit-input-placeholder:-ms-input-placeholder{-ms-user-select:text}.mat-input-element:-ms-input-placeholder{-webkit-user-select:none;-moz-user-select:none;-ms-user-select:none;user-select:none;transition:color 400ms 133.3333333333ms cubic-bezier(0.25, 0.8, 0.25, 1)}.mat-input-element:-ms-input-placeholder:-ms-input-placeholder{-ms-user-select:text}.mat-form-field-hide-placeholder .mat-input-element::placeholder{color:transparent !important;-webkit-text-fill-color:transparent;transition:none}.cdk-high-contrast-active .mat-form-field-hide-placeholder .mat-input-element::placeholder{opacity:0}.mat-form-field-hide-placeholder .mat-input-element::-moz-placeholder{color:transparent !important;-webkit-text-fill-color:transparent;transition:none}.cdk-high-contrast-active .mat-form-field-hide-placeholder .mat-input-element::-moz-placeholder{opacity:0}.mat-form-field-hide-placeholder .mat-input-element::-webkit-input-placeholder{color:transparent !important;-webkit-text-fill-color:transparent;transition:none}.cdk-high-contrast-active .mat-form-field-hide-placeholder .mat-input-element::-webkit-input-placeholder{opacity:0}.mat-form-field-hide-placeholder .mat-input-element:-ms-input-placeholder{color:transparent !important;-webkit-text-fill-color:transparent;transition:none}.cdk-high-contrast-active .mat-form-field-hide-placeholder .mat-input-element:-ms-input-placeholder{opacity:0}textarea.mat-input-element{resize:vertical;overflow:auto}textarea.mat-input-element.cdk-textarea-autosize{resize:none}textarea.mat-input-element{padding:2px 0;margin:-2px 0}select.mat-input-element{-moz-appearance:none;-webkit-appearance:none;position:relative;background-color:transparent;display:inline-flex;box-sizing:border-box;padding-top:1em;top:-1em;margin-bottom:-1em}select.mat-input-element::-ms-expand{display:none}select.mat-input-element::-moz-focus-inner{border:0}select.mat-input-element:not(:disabled){cursor:pointer}select.mat-input-element::-ms-value{color:inherit;background:none}.mat-focused .cdk-high-contrast-active select.mat-input-element::-ms-value{color:inherit}.mat-form-field-type-mat-native-select .mat-form-field-infix::after{content:"";width:0;height:0;border-left:5px solid transparent;border-right:5px solid transparent;border-top:5px solid;position:absolute;top:50%;right:0;margin-top:-2.5px;pointer-events:none}[dir=rtl] .mat-form-field-type-mat-native-select .mat-form-field-infix::after{right:auto;left:0}.mat-form-field-type-mat-native-select .mat-input-element{padding-right:15px}[dir=rtl] .mat-form-field-type-mat-native-select .mat-input-element{padding-right:0;padding-left:15px}.mat-form-field-type-mat-native-select .mat-form-field-label-wrapper{max-width:calc(100% - 10px)}.mat-form-field-type-mat-native-select.mat-form-field-appearance-outline .mat-form-field-infix::after{margin-top:-5px}.mat-form-field-type-mat-native-select.mat-form-field-appearance-fill .mat-form-field-infix::after{margin-top:-10px}
</style><style>.mat-form-field-appearance-legacy .mat-form-field-label{transform:perspective(100px);-ms-transform:none}.mat-form-field-appearance-legacy .mat-form-field-prefix .mat-icon,.mat-form-field-appearance-legacy .mat-form-field-suffix .mat-icon{width:1em}.mat-form-field-appearance-legacy .mat-form-field-prefix .mat-icon-button,.mat-form-field-appearance-legacy .mat-form-field-suffix .mat-icon-button{font:inherit;vertical-align:baseline}.mat-form-field-appearance-legacy .mat-form-field-prefix .mat-icon-button .mat-icon,.mat-form-field-appearance-legacy .mat-form-field-suffix .mat-icon-button .mat-icon{font-size:inherit}.mat-form-field-appearance-legacy .mat-form-field-underline{height:1px}.cdk-high-contrast-active .mat-form-field-appearance-legacy .mat-form-field-underline{height:0;border-top:solid 1px}.mat-form-field-appearance-legacy .mat-form-field-ripple{top:0;height:2px;overflow:hidden}.cdk-high-contrast-active .mat-form-field-appearance-legacy .mat-form-field-ripple{height:0;border-top:solid 2px}.mat-form-field-appearance-legacy.mat-form-field-disabled .mat-form-field-underline{background-position:0;background-color:transparent}.cdk-high-contrast-active .mat-form-field-appearance-legacy.mat-form-field-disabled .mat-form-field-underline{border-top-style:dotted;border-top-width:2px}.mat-form-field-appearance-legacy.mat-form-field-invalid:not(.mat-focused) .mat-form-field-ripple{height:1px}
</style><style>.mat-form-field-appearance-outline .mat-form-field-wrapper{margin:.25em 0}.mat-form-field-appearance-outline .mat-form-field-flex{padding:0 .75em 0 .75em;margin-top:-0.25em;position:relative}.mat-form-field-appearance-outline .mat-form-field-prefix,.mat-form-field-appearance-outline .mat-form-field-suffix{top:.25em}.mat-form-field-appearance-outline .mat-form-field-outline{display:flex;position:absolute;top:.25em;left:0;right:0;bottom:0;pointer-events:none}.mat-form-field-appearance-outline .mat-form-field-outline-start,.mat-form-field-appearance-outline .mat-form-field-outline-end{border:1px solid currentColor;min-width:5px}.mat-form-field-appearance-outline .mat-form-field-outline-start{border-radius:5px 0 0 5px;border-right-style:none}[dir=rtl] .mat-form-field-appearance-outline .mat-form-field-outline-start{border-right-style:solid;border-left-style:none;border-radius:0 5px 5px 0}.mat-form-field-appearance-outline .mat-form-field-outline-end{border-radius:0 5px 5px 0;border-left-style:none;flex-grow:1}[dir=rtl] .mat-form-field-appearance-outline .mat-form-field-outline-end{border-left-style:solid;border-right-style:none;border-radius:5px 0 0 5px}.mat-form-field-appearance-outline .mat-form-field-outline-gap{border-radius:.000001px;border:1px solid currentColor;border-left-style:none;border-right-style:none}.mat-form-field-appearance-outline.mat-form-field-can-float.mat-form-field-should-float .mat-form-field-outline-gap{border-top-color:transparent}.mat-form-field-appearance-outline .mat-form-field-outline-thick{opacity:0}.mat-form-field-appearance-outline .mat-form-field-outline-thick .mat-form-field-outline-start,.mat-form-field-appearance-outline .mat-form-field-outline-thick .mat-form-field-outline-end,.mat-form-field-appearance-outline .mat-form-field-outline-thick .mat-form-field-outline-gap{border-width:2px}.mat-form-field-appearance-outline.mat-focused .mat-form-field-outline,.mat-form-field-appearance-outline.mat-form-field-invalid .mat-form-field-outline{opacity:0;transition:opacity 100ms cubic-bezier(0.25, 0.8, 0.25, 1)}.mat-form-field-appearance-outline.mat-focused .mat-form-field-outline-thick,.mat-form-field-appearance-outline.mat-form-field-invalid .mat-form-field-outline-thick{opacity:1}.cdk-high-contrast-active .mat-form-field-appearance-outline.mat-focused .mat-form-field-outline-thick{border:3px dashed}.mat-form-field-appearance-outline:not(.mat-form-field-disabled) .mat-form-field-flex:hover .mat-form-field-outline{opacity:0;transition:opacity 600ms cubic-bezier(0.25, 0.8, 0.25, 1)}.mat-form-field-appearance-outline:not(.mat-form-field-disabled) .mat-form-field-flex:hover .mat-form-field-outline-thick{opacity:1}.mat-form-field-appearance-outline .mat-form-field-subscript-wrapper{padding:0 1em}.mat-form-field-appearance-outline._mat-animation-noopable:not(.mat-form-field-disabled) .mat-form-field-flex:hover~.mat-form-field-outline,.mat-form-field-appearance-outline._mat-animation-noopable .mat-form-field-outline,.mat-form-field-appearance-outline._mat-animation-noopable .mat-form-field-outline-start,.mat-form-field-appearance-outline._mat-animation-noopable .mat-form-field-outline-end,.mat-form-field-appearance-outline._mat-animation-noopable .mat-form-field-outline-gap{transition:none}
</style><style>.mat-form-field-appearance-standard .mat-form-field-flex{padding-top:.75em}.mat-form-field-appearance-standard .mat-form-field-underline{height:1px}.cdk-high-contrast-active .mat-form-field-appearance-standard .mat-form-field-underline{height:0;border-top:solid 1px}.mat-form-field-appearance-standard .mat-form-field-ripple{bottom:0;height:2px}.cdk-high-contrast-active .mat-form-field-appearance-standard .mat-form-field-ripple{height:0;border-top:solid 2px}.mat-form-field-appearance-standard.mat-form-field-disabled .mat-form-field-underline{background-position:0;background-color:transparent}.cdk-high-contrast-active .mat-form-field-appearance-standard.mat-form-field-disabled .mat-form-field-underline{border-top-style:dotted;border-top-width:2px}.mat-form-field-appearance-standard:not(.mat-form-field-disabled) .mat-form-field-flex:hover~.mat-form-field-underline .mat-form-field-ripple{opacity:1;transform:none;transition:opacity 600ms cubic-bezier(0.25, 0.8, 0.25, 1)}.mat-form-field-appearance-standard._mat-animation-noopable:not(.mat-form-field-disabled) .mat-form-field-flex:hover~.mat-form-field-underline .mat-form-field-ripple{transition:none}
</style><style>.mat-select{display:inline-block;width:100%;outline:none}.mat-select-trigger{display:inline-table;cursor:pointer;position:relative;box-sizing:border-box}.mat-select-disabled .mat-select-trigger{-webkit-user-select:none;-moz-user-select:none;-ms-user-select:none;user-select:none;cursor:default}.mat-select-value{display:table-cell;max-width:0;width:100%;overflow:hidden;text-overflow:ellipsis;white-space:nowrap}.mat-select-value-text{white-space:nowrap;overflow:hidden;text-overflow:ellipsis}.mat-select-arrow-wrapper{display:table-cell;vertical-align:middle}.mat-form-field-appearance-fill .mat-select-arrow-wrapper{transform:translateY(-50%)}.mat-form-field-appearance-outline .mat-select-arrow-wrapper{transform:translateY(-25%)}.mat-form-field-appearance-standard.mat-form-field-has-label .mat-select:not(.mat-select-empty) .mat-select-arrow-wrapper{transform:translateY(-50%)}.mat-form-field-appearance-standard .mat-select.mat-select-empty .mat-select-arrow-wrapper{transition:transform 400ms cubic-bezier(0.25, 0.8, 0.25, 1)}._mat-animation-noopable.mat-form-field-appearance-standard .mat-select.mat-select-empty .mat-select-arrow-wrapper{transition:none}.mat-select-arrow{width:0;height:0;border-left:5px solid transparent;border-right:5px solid transparent;border-top:5px solid;margin:0 4px}.mat-select-panel-wrap{flex-basis:100%}.mat-select-panel{min-width:112px;max-width:280px;overflow:auto;-webkit-overflow-scrolling:touch;padding-top:0;padding-bottom:0;max-height:256px;min-width:100%;border-radius:4px;outline:0}.cdk-high-contrast-active .mat-select-panel{outline:solid 1px}.mat-select-panel .mat-optgroup-label,.mat-select-panel .mat-option{font-size:inherit;line-height:3em;height:3em}.mat-form-field-type-mat-select:not(.mat-form-field-disabled) .mat-form-field-flex{cursor:pointer}.mat-form-field-type-mat-select .mat-form-field-label{width:calc(100% - 18px)}.mat-select-placeholder{transition:color 400ms 133.3333333333ms cubic-bezier(0.25, 0.8, 0.25, 1)}._mat-animation-noopable .mat-select-placeholder{transition:none}.mat-form-field-hide-placeholder .mat-select-placeholder{color:transparent;-webkit-text-fill-color:transparent;transition:none;display:block}.mat-select-min-line:empty::before{content:" ";white-space:pre;width:1px;display:inline-block;opacity:0}
</style><style>.mat-tab-group{display:flex;flex-direction:column;max-width:100%}.mat-tab-group.mat-tab-group-inverted-header{flex-direction:column-reverse}.mat-tab-label{height:48px;padding:0 24px;cursor:pointer;box-sizing:border-box;opacity:.6;min-width:160px;text-align:center;display:inline-flex;justify-content:center;align-items:center;white-space:nowrap;position:relative}.mat-tab-label:focus{outline:none}.mat-tab-label:focus:not(.mat-tab-disabled){opacity:1}.cdk-high-contrast-active .mat-tab-label:focus{outline:dotted 2px;outline-offset:-2px}.mat-tab-label.mat-tab-disabled{cursor:default}.cdk-high-contrast-active .mat-tab-label.mat-tab-disabled{opacity:.5}.mat-tab-label .mat-tab-label-content{display:inline-flex;justify-content:center;align-items:center;white-space:nowrap}.cdk-high-contrast-active .mat-tab-label{opacity:1}@media(max-width: 599px){.mat-tab-label{padding:0 12px}}@media(max-width: 959px){.mat-tab-label{padding:0 12px}}.mat-tab-group[mat-stretch-tabs]>.mat-tab-header .mat-tab-label{flex-basis:0;flex-grow:1}.mat-tab-body-wrapper{position:relative;overflow:hidden;display:flex;transition:height 500ms cubic-bezier(0.35, 0, 0.25, 1)}._mat-animation-noopable.mat-tab-body-wrapper{transition:none;animation:none}.mat-tab-body{top:0;left:0;right:0;bottom:0;position:absolute;display:block;overflow:hidden;outline:0;flex-basis:100%}.mat-tab-body.mat-tab-body-active{position:relative;overflow-x:hidden;overflow-y:auto;z-index:1;flex-grow:1}.mat-tab-group.mat-tab-group-dynamic-height .mat-tab-body.mat-tab-body-active{overflow-y:hidden}
</style><style>.mat-card{transition:box-shadow 280ms cubic-bezier(0.4, 0, 0.2, 1);display:block;position:relative;padding:16px;border-radius:4px}._mat-animation-noopable.mat-card{transition:none;animation:none}.mat-card .mat-divider-horizontal{position:absolute;left:0;width:100%}[dir=rtl] .mat-card .mat-divider-horizontal{left:auto;right:0}.mat-card .mat-divider-horizontal.mat-divider-inset{position:static;margin:0}[dir=rtl] .mat-card .mat-divider-horizontal.mat-divider-inset{margin-right:0}.cdk-high-contrast-active .mat-card{outline:solid 1px}.mat-card-actions,.mat-card-subtitle,.mat-card-content{display:block;margin-bottom:16px}.mat-card-title{display:block;margin-bottom:8px}.mat-card-actions{margin-left:-8px;margin-right:-8px;padding:8px 0}.mat-card-actions-align-end{display:flex;justify-content:flex-end}.mat-card-image{width:calc(100% + 32px);margin:0 -16px 16px -16px}.mat-card-footer{display:block;margin:0 -16px -16px -16px}.mat-card-actions .mat-button,.mat-card-actions .mat-raised-button,.mat-card-actions .mat-stroked-button{margin:0 8px}.mat-card-header{display:flex;flex-direction:row}.mat-card-header .mat-card-title{margin-bottom:12px}.mat-card-header-text{margin:0 16px}.mat-card-avatar{height:40px;width:40px;border-radius:50%;flex-shrink:0;object-fit:cover}.mat-card-title-group{display:flex;justify-content:space-between}.mat-card-sm-image{width:80px;height:80px}.mat-card-md-image{width:112px;height:112px}.mat-card-lg-image{width:152px;height:152px}.mat-card-xl-image{width:240px;height:240px;margin:-8px}.mat-card-title-group>.mat-card-xl-image{margin:-8px 0 8px}@media(max-width: 599px){.mat-card-title-group{margin:0}.mat-card-xl-image{margin-left:0;margin-right:0}}.mat-card>:first-child,.mat-card-content>:first-child{margin-top:0}.mat-card>:last-child:not(.mat-card-footer),.mat-card-content>:last-child:not(.mat-card-footer){margin-bottom:0}.mat-card-image:first-child{margin-top:-16px;border-top-left-radius:inherit;border-top-right-radius:inherit}.mat-card>.mat-card-actions:last-child{margin-bottom:-8px;padding-bottom:0}.mat-card-actions:not(.mat-card-actions-align-end) .mat-button:first-child,.mat-card-actions:not(.mat-card-actions-align-end) .mat-raised-button:first-child,.mat-card-actions:not(.mat-card-actions-align-end) .mat-stroked-button:first-child{margin-left:0;margin-right:0}.mat-card-actions-align-end .mat-button:last-child,.mat-card-actions-align-end .mat-raised-button:last-child,.mat-card-actions-align-end .mat-stroked-button:last-child{margin-left:0;margin-right:0}.mat-card-title:not(:first-child),.mat-card-subtitle:not(:first-child){margin-top:-4px}.mat-card-header .mat-card-subtitle:not(:first-child){margin-top:-8px}.mat-card>.mat-card-xl-image:first-child{margin-top:-8px}.mat-card>.mat-card-xl-image:last-child{margin-bottom:-8px}
</style><style>div[_ngcontent-tdo-c100]{min-height:20px}div[_ngcontent-tdo-c100]   span[_ngcontent-tdo-c100]{font-size:11px;line-height:1.5;margin-bottom:3.5px}div[_ngcontent-tdo-c100]   span.error[_ngcontent-tdo-c100]{color:#f15a29}</style><style>.p-password{position:relative;display:inline-flex}.p-password-panel{position:absolute;top:0;left:0}.p-password .p-password-panel{min-width:100%}.p-password-meter{height:10px}.p-password-strength{height:100%;width:0%;transition:width 1s ease-in-out}.p-fluid .p-password{display:flex}
</style><style>.mat-button .mat-button-focus-overlay,.mat-icon-button .mat-button-focus-overlay{opacity:0}.mat-button:hover:not(.mat-button-disabled) .mat-button-focus-overlay,.mat-stroked-button:hover:not(.mat-button-disabled) .mat-button-focus-overlay{opacity:.04}@media(hover: none){.mat-button:hover:not(.mat-button-disabled) .mat-button-focus-overlay,.mat-stroked-button:hover:not(.mat-button-disabled) .mat-button-focus-overlay{opacity:0}}.mat-button,.mat-icon-button,.mat-stroked-button,.mat-flat-button{box-sizing:border-box;position:relative;-webkit-user-select:none;-moz-user-select:none;-ms-user-select:none;user-select:none;cursor:pointer;outline:none;border:none;-webkit-tap-highlight-color:transparent;display:inline-block;white-space:nowrap;text-decoration:none;vertical-align:baseline;text-align:center;margin:0;min-width:64px;line-height:36px;padding:0 16px;border-radius:4px;overflow:visible}.mat-button::-moz-focus-inner,.mat-icon-button::-moz-focus-inner,.mat-stroked-button::-moz-focus-inner,.mat-flat-button::-moz-focus-inner{border:0}.mat-button.mat-button-disabled,.mat-icon-button.mat-button-disabled,.mat-stroked-button.mat-button-disabled,.mat-flat-button.mat-button-disabled{cursor:default}.mat-button.cdk-keyboard-focused .mat-button-focus-overlay,.mat-button.cdk-program-focused .mat-button-focus-overlay,.mat-icon-button.cdk-keyboard-focused .mat-button-focus-overlay,.mat-icon-button.cdk-program-focused .mat-button-focus-overlay,.mat-stroked-button.cdk-keyboard-focused .mat-button-focus-overlay,.mat-stroked-button.cdk-program-focused .mat-button-focus-overlay,.mat-flat-button.cdk-keyboard-focused .mat-button-focus-overlay,.mat-flat-button.cdk-program-focused .mat-button-focus-overlay{opacity:.12}.mat-button::-moz-focus-inner,.mat-icon-button::-moz-focus-inner,.mat-stroked-button::-moz-focus-inner,.mat-flat-button::-moz-focus-inner{border:0}.mat-raised-button{box-sizing:border-box;position:relative;-webkit-user-select:none;-moz-user-select:none;-ms-user-select:none;user-select:none;cursor:pointer;outline:none;border:none;-webkit-tap-highlight-color:transparent;display:inline-block;white-space:nowrap;text-decoration:none;vertical-align:baseline;text-align:center;margin:0;min-width:64px;line-height:36px;padding:0 16px;border-radius:4px;overflow:visible;transform:translate3d(0, 0, 0);transition:background 400ms cubic-bezier(0.25, 0.8, 0.25, 1),box-shadow 280ms cubic-bezier(0.4, 0, 0.2, 1)}.mat-raised-button::-moz-focus-inner{border:0}.mat-raised-button.mat-button-disabled{cursor:default}.mat-raised-button.cdk-keyboard-focused .mat-button-focus-overlay,.mat-raised-button.cdk-program-focused .mat-button-focus-overlay{opacity:.12}.mat-raised-button::-moz-focus-inner{border:0}._mat-animation-noopable.mat-raised-button{transition:none;animation:none}.mat-stroked-button{border:1px solid currentColor;padding:0 15px;line-height:34px}.mat-stroked-button .mat-button-ripple.mat-ripple,.mat-stroked-button .mat-button-focus-overlay{top:-1px;left:-1px;right:-1px;bottom:-1px}.mat-fab{box-sizing:border-box;position:relative;-webkit-user-select:none;-moz-user-select:none;-ms-user-select:none;user-select:none;cursor:pointer;outline:none;border:none;-webkit-tap-highlight-color:transparent;display:inline-block;white-space:nowrap;text-decoration:none;vertical-align:baseline;text-align:center;margin:0;min-width:64px;line-height:36px;padding:0 16px;border-radius:4px;overflow:visible;transform:translate3d(0, 0, 0);transition:background 400ms cubic-bezier(0.25, 0.8, 0.25, 1),box-shadow 280ms cubic-bezier(0.4, 0, 0.2, 1);min-width:0;border-radius:50%;width:56px;height:56px;padding:0;flex-shrink:0}.mat-fab::-moz-focus-inner{border:0}.mat-fab.mat-button-disabled{cursor:default}.mat-fab.cdk-keyboard-focused .mat-button-focus-overlay,.mat-fab.cdk-program-focused .mat-button-focus-overlay{opacity:.12}.mat-fab::-moz-focus-inner{border:0}._mat-animation-noopable.mat-fab{transition:none;animation:none}.mat-fab .mat-button-wrapper{padding:16px 0;display:inline-block;line-height:24px}.mat-mini-fab{box-sizing:border-box;position:relative;-webkit-user-select:none;-moz-user-select:none;-ms-user-select:none;user-select:none;cursor:pointer;outline:none;border:none;-webkit-tap-highlight-color:transparent;display:inline-block;white-space:nowrap;text-decoration:none;vertical-align:baseline;text-align:center;margin:0;min-width:64px;line-height:36px;padding:0 16px;border-radius:4px;overflow:visible;transform:translate3d(0, 0, 0);transition:background 400ms cubic-bezier(0.25, 0.8, 0.25, 1),box-shadow 280ms cubic-bezier(0.4, 0, 0.2, 1);min-width:0;border-radius:50%;width:40px;height:40px;padding:0;flex-shrink:0}.mat-mini-fab::-moz-focus-inner{border:0}.mat-mini-fab.mat-button-disabled{cursor:default}.mat-mini-fab.cdk-keyboard-focused .mat-button-focus-overlay,.mat-mini-fab.cdk-program-focused .mat-button-focus-overlay{opacity:.12}.mat-mini-fab::-moz-focus-inner{border:0}._mat-animation-noopable.mat-mini-fab{transition:none;animation:none}.mat-mini-fab .mat-button-wrapper{padding:8px 0;display:inline-block;line-height:24px}.mat-icon-button{padding:0;min-width:0;width:40px;height:40px;flex-shrink:0;line-height:40px;border-radius:50%}.mat-icon-button i,.mat-icon-button .mat-icon{line-height:24px}.mat-button-ripple.mat-ripple,.mat-button-focus-overlay{top:0;left:0;right:0;bottom:0;position:absolute;pointer-events:none;border-radius:inherit}.mat-button-ripple.mat-ripple:not(:empty){transform:translateZ(0)}.mat-button-focus-overlay{opacity:0;transition:opacity 200ms cubic-bezier(0.35, 0, 0.25, 1),background-color 200ms cubic-bezier(0.35, 0, 0.25, 1)}._mat-animation-noopable .mat-button-focus-overlay{transition:none}.mat-button-ripple-round{border-radius:50%;z-index:1}.mat-button .mat-button-wrapper>*,.mat-flat-button .mat-button-wrapper>*,.mat-stroked-button .mat-button-wrapper>*,.mat-raised-button .mat-button-wrapper>*,.mat-icon-button .mat-button-wrapper>*,.mat-fab .mat-button-wrapper>*,.mat-mini-fab .mat-button-wrapper>*{vertical-align:middle}.mat-form-field:not(.mat-form-field-appearance-legacy) .mat-form-field-prefix .mat-icon-button,.mat-form-field:not(.mat-form-field-appearance-legacy) .mat-form-field-suffix .mat-icon-button{display:inline-flex;justify-content:center;align-items:center;font-size:inherit;width:2.5em;height:2.5em}.cdk-high-contrast-active .mat-button,.cdk-high-contrast-active .mat-flat-button,.cdk-high-contrast-active .mat-raised-button,.cdk-high-contrast-active .mat-icon-button,.cdk-high-contrast-active .mat-fab,.cdk-high-contrast-active .mat-mini-fab{outline:solid 1px}.cdk-high-contrast-active .mat-button-base.cdk-keyboard-focused,.cdk-high-contrast-active .mat-button-base.cdk-program-focused{outline:solid 3px}
</style><style>.mat-tab-header{display:flex;overflow:hidden;position:relative;flex-shrink:0}.mat-tab-header-pagination{-webkit-user-select:none;-moz-user-select:none;-ms-user-select:none;user-select:none;position:relative;display:none;justify-content:center;align-items:center;min-width:32px;cursor:pointer;z-index:2;-webkit-tap-highlight-color:transparent;touch-action:none}.mat-tab-header-pagination-controls-enabled .mat-tab-header-pagination{display:flex}.mat-tab-header-pagination-before,.mat-tab-header-rtl .mat-tab-header-pagination-after{padding-left:4px}.mat-tab-header-pagination-before .mat-tab-header-pagination-chevron,.mat-tab-header-rtl .mat-tab-header-pagination-after .mat-tab-header-pagination-chevron{transform:rotate(-135deg)}.mat-tab-header-rtl .mat-tab-header-pagination-before,.mat-tab-header-pagination-after{padding-right:4px}.mat-tab-header-rtl .mat-tab-header-pagination-before .mat-tab-header-pagination-chevron,.mat-tab-header-pagination-after .mat-tab-header-pagination-chevron{transform:rotate(45deg)}.mat-tab-header-pagination-chevron{border-style:solid;border-width:2px 2px 0 0;content:"";height:8px;width:8px}.mat-tab-header-pagination-disabled{box-shadow:none;cursor:default}.mat-tab-list{flex-grow:1;position:relative;transition:transform 500ms cubic-bezier(0.35, 0, 0.25, 1)}.mat-ink-bar{position:absolute;bottom:0;height:2px;transition:500ms cubic-bezier(0.35, 0, 0.25, 1)}._mat-animation-noopable.mat-ink-bar{transition:none;animation:none}.mat-tab-group-inverted-header .mat-ink-bar{bottom:auto;top:0}.cdk-high-contrast-active .mat-ink-bar{outline:solid 2px;height:0}.mat-tab-labels{display:flex}[mat-align-tabs=center]>.mat-tab-header .mat-tab-labels{justify-content:center}[mat-align-tabs=end]>.mat-tab-header .mat-tab-labels{justify-content:flex-end}.mat-tab-label-container{display:flex;flex-grow:1;overflow:hidden;z-index:1}._mat-animation-noopable.mat-tab-list{transition:none;animation:none}.mat-tab-label{height:48px;padding:0 24px;cursor:pointer;box-sizing:border-box;opacity:.6;min-width:160px;text-align:center;display:inline-flex;justify-content:center;align-items:center;white-space:nowrap;position:relative}.mat-tab-label:focus{outline:none}.mat-tab-label:focus:not(.mat-tab-disabled){opacity:1}.cdk-high-contrast-active .mat-tab-label:focus{outline:dotted 2px;outline-offset:-2px}.mat-tab-label.mat-tab-disabled{cursor:default}.cdk-high-contrast-active .mat-tab-label.mat-tab-disabled{opacity:.5}.mat-tab-label .mat-tab-label-content{display:inline-flex;justify-content:center;align-items:center;white-space:nowrap}.cdk-high-contrast-active .mat-tab-label{opacity:1}@media(max-width: 599px){.mat-tab-label{min-width:72px}}
</style><style>.mat-tab-body-content{height:100%;overflow:auto}.mat-tab-group-dynamic-height .mat-tab-body-content{overflow:hidden}
</style><style>.mat-option{white-space:nowrap;overflow:hidden;text-overflow:ellipsis;display:block;line-height:48px;height:48px;padding:0 16px;text-align:left;text-decoration:none;max-width:100%;position:relative;cursor:pointer;outline:none;display:flex;flex-direction:row;max-width:100%;box-sizing:border-box;align-items:center;-webkit-tap-highlight-color:transparent}.mat-option[disabled]{cursor:default}[dir=rtl] .mat-option{text-align:right}.mat-option .mat-icon{margin-right:16px;vertical-align:middle}.mat-option .mat-icon svg{vertical-align:top}[dir=rtl] .mat-option .mat-icon{margin-left:16px;margin-right:0}.mat-option[aria-disabled=true]{-webkit-user-select:none;-moz-user-select:none;-ms-user-select:none;user-select:none;cursor:default}.mat-optgroup .mat-option:not(.mat-option-multiple){padding-left:32px}[dir=rtl] .mat-optgroup .mat-option:not(.mat-option-multiple){padding-left:16px;padding-right:32px}.cdk-high-contrast-active .mat-option{margin:0 1px}.cdk-high-contrast-active .mat-option.mat-active{border:solid 1px currentColor;margin:0}.cdk-high-contrast-active .mat-option[aria-disabled=true]{opacity:.5}.mat-option-text{display:inline-block;flex-grow:1;overflow:hidden;text-overflow:ellipsis}.mat-option .mat-option-ripple{top:0;left:0;right:0;bottom:0;position:absolute;pointer-events:none}.mat-option-pseudo-checkbox{margin-right:8px}[dir=rtl] .mat-option-pseudo-checkbox{margin-left:8px;margin-right:0}
</style><script src="https://web-sdk.smartlook.com/polyfills.9d9e60e0603e89ed401f.js"></script><script src="https://web-sdk.smartlook.com/es6/init.4e02050bca448f127b3f.js" type="module"></script><script src="https://web-sdk.smartlook.com/es5/init.4e3e7e7f27632918efcd.js" nomodule=""></script></head>
  <body class="mat-typography">
    <app-root _nghost-tdo-c163="" ng-version="12.2.14"><router-outlet _ngcontent-tdo-c163=""></router-outlet><app-login _nghost-tdo-c131="" class="ng-star-inserted"><div _ngcontent-tdo-c131="" fxlayout="column" fxlayoutalign="center center" class="core-container" style="flex-direction: column; box-sizing: border-box; display: flex; place-content: center; align-items: center;"><div _ngcontent-tdo-c131="" class="language-select"><app-language-select _ngcontent-tdo-c131="" _nghost-tdo-c92=""><mat-form-field _ngcontent-tdo-c92="" color="accent" class="mat-form-field language ng-tns-c89-0 mat-accent mat-form-field-type-mat-select mat-form-field-appearance-legacy mat-form-field-can-float mat-form-field-has-label ng-untouched ng-pristine ng-valid ng-star-inserted mat-form-field-should-float"><div class="mat-form-field-wrapper ng-tns-c89-0"><div class="mat-form-field-flex ng-tns-c89-0"><!----><!----><div class="mat-form-field-infix ng-tns-c89-0"><mat-select _ngcontent-tdo-c92="" role="combobox" aria-autocomplete="none" aria-haspopup="true" class="mat-select ng-tns-c91-1 ng-tns-c89-0 ng-untouched ng-pristine ng-valid ng-star-inserted" aria-labelledby="mat-form-field-label-1 mat-select-value-1" id="mat-select-0" tabindex="0" aria-expanded="false" aria-required="false" aria-disabled="false" aria-invalid="false"><div cdk-overlay-origin="" class="mat-select-trigger ng-tns-c91-1"><div class="mat-select-value ng-tns-c91-1" id="mat-select-value-1"><!----><span class="mat-select-value-text ng-tns-c91-1 ng-star-inserted"><span class="mat-select-min-line ng-tns-c91-1 ng-star-inserted">English</span><!----><!----></span><!----></div><div class="mat-select-arrow-wrapper ng-tns-c91-1"><div class="mat-select-arrow ng-tns-c91-1"></div></div></div><!----></mat-select><span class="mat-form-field-label-wrapper ng-tns-c89-0"><label class="mat-form-field-label ng-tns-c89-0 mat-accent ng-star-inserted" id="mat-form-field-label-1" for="mat-select-0" aria-owns="mat-select-0"><!----><mat-label _ngcontent-tdo-c92="" class="ng-tns-c89-0 ng-star-inserted">Language</mat-label><!----><!----></label><!----></span></div><!----></div><div class="mat-form-field-underline ng-tns-c89-0 ng-star-inserted"><span class="mat-form-field-ripple ng-tns-c89-0 mat-accent"></span></div><!----><div class="mat-form-field-subscript-wrapper ng-tns-c89-0"><!----><div class="mat-form-field-hint-wrapper ng-tns-c89-0 ng-trigger ng-trigger-transitionMessages ng-star-inserted" style="opacity: 1; transform: translateY(0%);"><!----><div class="mat-form-field-hint-spacer ng-tns-c89-0"></div></div><!----></div></div></mat-form-field></app-language-select></div><div _ngcontent-tdo-c131="" fxhide="" fxshow.xs="" class="spacer" style="display: none;"></div><div _ngcontent-tdo-c131=""><img _ngcontent-tdo-c131="" src="assets/images/logos/quest-alliance.svg"></div><h1 _ngcontent-tdo-c131="" class="core-main-title">Welcome to Quest App</h1><mat-tab-group _ngcontent-tdo-c131="" color="accent" mat-align-tabs="center" fxflexalign="stretch" class="mat-tab-group mat-accent ng-star-inserted" style="align-self: stretch;"><mat-tab-header class="mat-tab-header"><div aria-hidden="true" mat-ripple="" class="mat-ripple mat-tab-header-pagination mat-tab-header-pagination-before mat-elevation-z4 mat-tab-header-pagination-disabled"><div class="mat-tab-header-pagination-chevron"></div></div><div class="mat-tab-label-container"><div role="tablist" class="mat-tab-list" style="transform: translateX(0px);"><div class="mat-tab-labels"><div role="tab" mattablabelwrapper="" mat-ripple="" cdkmonitorelementfocus="" class="mat-ripple mat-tab-label mat-focus-indicator mat-tab-label-active ng-star-inserted" id="mat-tab-label-0-0" tabindex="0" aria-posinset="1" aria-setsize="2" aria-controls="mat-tab-content-0-0" aria-selected="true" aria-disabled="false"><div class="mat-tab-label-content"><!---->Single Login<!----></div></div><div role="tab" mattablabelwrapper="" mat-ripple="" cdkmonitorelementfocus="" class="mat-ripple mat-tab-label mat-focus-indicator ng-star-inserted" id="mat-tab-label-0-1" tabindex="-1" aria-posinset="2" aria-setsize="2" aria-controls="mat-tab-content-0-1" aria-selected="false" aria-disabled="false"><div class="mat-tab-label-content"><!---->Dual Login<!----></div></div><!----></div><mat-ink-bar class="mat-ink-bar" style="visibility: visible; left: 460px; width: 166px;"></mat-ink-bar></div></div><div aria-hidden="true" mat-ripple="" class="mat-ripple mat-tab-header-pagination mat-tab-header-pagination-after mat-elevation-z4 mat-tab-header-pagination-disabled"><div class="mat-tab-header-pagination-chevron"></div></div></mat-tab-header><div class="mat-tab-body-wrapper"><mat-tab-body role="tabpanel" class="mat-tab-body ng-tns-c119-5 mat-tab-body-active ng-star-inserted" id="mat-tab-content-0-0" aria-labelledby="mat-tab-label-0-0"><div cdkscrollable="" class="mat-tab-body-content ng-tns-c119-5 ng-trigger ng-trigger-translateTab" style="transform: none;"><div _ngcontent-tdo-c131="" fxlayout="row" fxlayoutalign="center" class="ng-star-inserted" style="flex-direction: row; box-sizing: border-box; display: flex; place-content: stretch center; align-items: stretch;"><mat-card _ngcontent-tdo-c131="" fxflex.gt-xs="570px" fxflex.xs="95" class="mat-card mat-focus-indicator" style="flex: 1 1 570px; box-sizing: border-box; max-width: 570px; min-width: 570px;"><mat-card-content _ngcontent-tdo-c131="" fxlayout="row" fxlayoutalign="center" class="mat-card-content" style="flex-direction: row; box-sizing: border-box; display: flex; place-content: stretch center; align-items: stretch;"><form _ngcontent-tdo-c131="" novalidate="" fxflex.gt-md="60" fxflex.md="70" fxflex.sm="80" fxflex.xs="90" fxlayout="column" fxlayoutalign="center stretch" fxlayoutgap="5px" class="ng-dirty ng-touched ng-valid ng-submitted" style="flex-direction: column; box-sizing: border-box; display: flex; place-content: stretch center; align-items: stretch; max-width: 60%; flex: 1 1 100%;" data-gtm-form-interact-id="0"><div _ngcontent-tdo-c131="" class="p-field" style="margin-bottom: 5px;"><span _ngcontent-tdo-c131="" class="p-float-label"><input _ngcontent-tdo-c131="" type="text" pinputtext="" formcontrolname="email" class="p-inputtext p-component p-element p-filled ng-dirty ng-valid ng-touched" data-gtm-form-interact-field-id="0"><label _ngcontent-tdo-c131="">Email ID / Mobile Number</label></span><app-validation-error _ngcontent-tdo-c131="" _nghost-tdo-c100=""><div _ngcontent-tdo-c100="" fxlayout="row" fxlayoutalign="space-between center" style="flex-direction: row; box-sizing: border-box; display: flex; place-content: center space-between; align-items: center;"><!----></div></app-validation-error></div><div _ngcontent-tdo-c131="" class="p-field" style="margin-bottom: 5px;"><span _ngcontent-tdo-c131="" class="p-float-label"><p-password _ngcontent-tdo-c131="" formcontrolname="password" appendto="body" styleclass="p-password p-component p-inputwrapper p-input-icon-right" class="p-element p-inputwrapper ng-tns-c112-2 ng-star-inserted p-inputwrapper-filled ng-touched ng-dirty ng-valid"><div class="ng-tns-c112-2 p-password p-component p-inputwrapper p-input-icon-right"><input pinputtext="" class="p-inputtext p-component p-element ng-tns-c112-2 p-filled p-password-input" type="password" data-gtm-form-interact-field-id="1"><i class="ng-tns-c112-2 pi pi-eye ng-star-inserted"></i><!----><!----></div></p-password><label _ngcontent-tdo-c131="">Password</label></span><app-validation-error _ngcontent-tdo-c131="" _nghost-tdo-c100=""><div _ngcontent-tdo-c100="" fxlayout="row" fxlayoutalign="space-between center" style="flex-direction: row; box-sizing: border-box; display: flex; place-content: center space-between; align-items: center;"><!----></div></app-validation-error></div><button _ngcontent-tdo-c131="" mat-flat-button="" fxflexalign="center" color="primary" class="mat-focus-indicator mat-flat-button mat-button-base mat-primary cdk-focused cdk-mouse-focused" style="align-self: center; margin-bottom: 5px;"><span class="mat-button-wrapper"> Login </span><span matripple="" class="mat-ripple mat-button-ripple"></span><span class="mat-button-focus-overlay"></span></button><h3 _ngcontent-tdo-c131="" fxlayoutalign="center" fxflexoffset="5px" class="ng-star-inserted" style="place-content: stretch center; align-items: stretch; flex-direction: row; box-sizing: border-box; display: flex; margin-bottom: 5px;"> Or </h3><!----><button _ngcontent-tdo-c131="" mat-flat-button="" fxflexalign="center" fxflexoffset="5px" color="accent" class="mat-focus-indicator mat-flat-button mat-button-base mat-accent ng-star-inserted" style="align-self: center; margin-bottom: 5px;"><span class="mat-button-wrapper"> Login with OTP </span><span matripple="" class="mat-ripple mat-button-ripple"></span><span class="mat-button-focus-overlay"></span></button><!----><div _ngcontent-tdo-c131="" fxlayoutalign="center" class="forgot-password ng-star-inserted" style="place-content: stretch center; align-items: stretch; flex-direction: row; box-sizing: border-box; display: flex;"> Forgot Password? </div><!----></form></mat-card-content></mat-card></div><!----></div></mat-tab-body><mat-tab-body role="tabpanel" class="mat-tab-body ng-tns-c119-6 ng-star-inserted" id="mat-tab-content-0-1" aria-labelledby="mat-tab-label-0-1"><div cdkscrollable="" class="mat-tab-body-content ng-tns-c119-6 ng-trigger ng-trigger-translateTab" style="transform: translate3d(100%, 0px, 0px); min-height: 1px;"><!----></div></mat-tab-body><!----></div></mat-tab-group><!----><!----><div _ngcontent-tdo-c131="" fxflexoffset="25px" fxlayout="row" fxlayoutalign="space-between center" fxlayoutgap="10px" class="link-text ng-star-inserted" style="flex-direction: row; box-sizing: border-box; display: flex; place-content: center space-between; align-items: center; margin-top: 25px;"><span _ngcontent-tdo-c131="" style="margin-right: 10px;"> New User? </span><button _ngcontent-tdo-c131="" mat-flat-button="" color="accent" routerlink="/register" class="mat-focus-indicator mat-flat-button mat-button-base mat-accent" tabindex="0"><span class="mat-button-wrapper"> Register </span><span matripple="" class="mat-ripple mat-button-ripple"></span><span class="mat-button-focus-overlay"></span></button></div><!----><!----><!----><div _ngcontent-tdo-c131="" fxflexoffset="15px" class="link-text help" style="margin-top: 15px;"> Help? </div></div></app-login><!----></app-root>
  <script src="runtime.fa36fee597116f14ef8f.js" defer=""></script><script src="polyfills.65316d4c2929b6c3fb15.js" defer=""></script><script src="main.b6e2500bb7d9184dbc2a.js" defer=""></script>
  
  
  <script async="" src="https://www.googletagmanager.com/gtag/js?id=G-LYB9N421YQ"></script>
  <script>
    window.dataLayer = window.dataLayer || [];
    function gtag() {
      dataLayer.push(arguments);
    }
    gtag('js', new Date());
    gtag('config', 'G-LYB9N421YQ');
  </script>
  <!-- End Google Analytics -->

  <script>
    if ('serviceWorker' in navigator) {
      // Postponing service worker installation until all core resources were loaded
      window.addEventListener('load', () => {
        navigator.serviceWorker
          .register('/sw.js')
          .then((registration) => {
            // console.log('[App] Service worker registration succeeded:', registration);

            // If updatefound is fired, it means that there's a new service worker being installed.
            registration.addEventListener('updatefound', () => {
              var installingWorker = registration.installing;
              // console.log('[App] A new service worker is being installed:', installingWorker);
            });
          })
          .catch((error) => {
            // console.log('[App] Service worker registration failed:', error);
          });
      });
    } else {
      // console.log('[App] Service workers are not supported.');
    }
  </script>

<div class="cdk-live-announcer-element cdk-visually-hidden" aria-atomic="true" aria-live="polite"></div></body><!-- Google Analytics --><!-- Google tag (gtag.js) --></html>
]]></system-out>
    <system-err><![CDATA[SLF4J: Failed to load class "org.slf4j.impl.StaticLoggerBinder".
SLF4J: Defaulting to no-operation (NOP) logger implementation
SLF4J: See http://www.slf4j.org/codes.html#StaticLoggerBinder for further details.
Apr 28, 2025 5:26:45 PM org.openqa.selenium.devtools.CdpVersionFinder findNearestMatch
WARNING: Unable to find CDP implementation matching 135
Apr 28, 2025 5:26:45 PM org.openqa.selenium.chromium.ChromiumDriver lambda$new$5
WARNING: Unable to find version of CDP to use for 135.0.7049.115. You may need to include a dependency on a specific version of the CDP using something similar to `org.seleniumhq.selenium:selenium-devtools-v86:4.15.0` where the version ("v86") matches the version of the chromium-based browser you're using and the version number of the artifact is the same as Selenium's.
]]></system-err>
  </testcase>
  <testcase name="testEditBatch" classname="com.questapp.tests.BatchesPageTest" time="0.0">
    <skipped message="Method com.questapp.tests.BatchesPageTest.testEditBatch() on instance com.questapp.tests.BatchesPageTest@75c072cb depends on not successfully finished methods &#10;[com.questapp.tests.BatchesPageTest.testAddBatch() on instance com.questapp.tests.BatchesPageTest@75c072cb]"/>
  </testcase>
  <testcase name="testDeleteBatch" classname="com.questapp.tests.BatchesPageTest" time="0.0">
    <skipped message="Method com.questapp.tests.BatchesPageTest.testDeleteBatch() on instance com.questapp.tests.BatchesPageTest@75c072cb depends on not successfully finished methods &#10;[com.questapp.tests.BatchesPageTest.testEditBatch() on instance com.questapp.tests.BatchesPageTest@75c072cb]"/>
  </testcase>
</testsuite>